#
# A fatal error has been detected by the Java Runtime Environment:
#
#  EXCEPTION_ACCESS_VIOLATION (0xc0000005) at pc=0x00007ffd48ec234c, pid=12104, tid=7764
#
# JRE version: OpenJDK Runtime Environment (15.0.1+9) (build 15.0.1+9-18)
# Java VM: OpenJDK 64-Bit Server VM (15.0.1+9-18, mixed mode, tiered, compressed oops, g1 gc, windows-amd64)
# Problematic frame:
# V  [jvm.dll+0x3a234c]
#
# No core dump will be written. Minidumps are not enabled by default on client versions of Windows
#
# If you would like to submit a bug report, please visit:
#   https://bugreport.java.com/bugreport/crash.jsp
#

---------------  S U M M A R Y ------------

Command Line: -Dfile.encoding=Cp1252 -XX:+ShowCodeDetailsInExceptionMessages version_pack.sqlhelper

Host: Intel(R) Pentium(R) CPU G3240 @ 3.10GHz, 2 cores, 7G,  Windows 10 , 64 bit Build 18362 (10.0.18362.778)
Time: Thu Mar 11 16:59:50 2021 India Standard Time elapsed time: 1.393204 seconds (0d 0h 0m 1s)

---------------  T H R E A D  ---------------

Current thread (0x000002145b943e00):  JavaThread "main" [_thread_in_vm, id=7764, stack(0x000000340bc00000,0x000000340bd00000)]

Stack: [0x000000340bc00000,0x000000340bd00000],  sp=0x000000340bcfe710,  free space=1017k
Native frames: (J=compiled Java code, j=interpreted, Vv=VM code, C=native code)
V  [jvm.dll+0x3a234c]
C  [sqljdbc_auth.dll+0x6777]

Java frames: (J=compiled Java code, j=interpreted, Vv=VM code)
j  com.microsoft.sqlserver.jdbc.AuthenticationJNI.SNISecGenClientContext([B[I[BI[B[I[ZLjava/lang/String;Ljava/lang/String;Ljava/lang/String;Ljava/util/logging/Logger;)I+0
j  com.microsoft.sqlserver.jdbc.AuthenticationJNI.GenerateClientContext([BI[B[I[Z)I+24
j  com.microsoft.sqlserver.jdbc.SQLServerConnection.SSPIData([B[B[I[ZLcom/microsoft/sqlserver/jdbc/AuthenticationJNI;)V+13
j  com.microsoft.sqlserver.jdbc.SQLServerConnection.sendLogon(Lcom/microsoft/sqlserver/jdbc/SQLServerConnection$LogonCommand;Lcom/microsoft/sqlserver/jdbc/AuthenticationJNI;)V+151
j  com.microsoft.sqlserver.jdbc.SQLServerConnection.logon(Lcom/microsoft/sqlserver/jdbc/SQLServerConnection$LogonCommand;)V+20
j  com.microsoft.sqlserver.jdbc.SQLServerConnection.access$000(Lcom/microsoft/sqlserver/jdbc/SQLServerConnection;Lcom/microsoft/sqlserver/jdbc/SQLServerConnection$LogonCommand;)V+2
j  com.microsoft.sqlserver.jdbc.SQLServerConnection$LogonCommand.doExecute()Z+5
j  com.microsoft.sqlserver.jdbc.TDSCommand.execute(Lcom/microsoft/sqlserver/jdbc/TDSWriter;Lcom/microsoft/sqlserver/jdbc/TDSReader;)Z+30
j  com.microsoft.sqlserver.jdbc.SQLServerConnection.executeCommand(Lcom/microsoft/sqlserver/jdbc/TDSCommand;)Z+45
j  com.microsoft.sqlserver.jdbc.SQLServerConnection.connectHelper(Lcom/microsoft/sqlserver/jdbc/ServerPortPlaceHolder;II)V+284
j  com.microsoft.sqlserver.jdbc.SQLServerConnection.login(Ljava/lang/String;Ljava/lang/String;ILjava/lang/String;Lcom/microsoft/sqlserver/jdbc/FailoverInfo;IJ)V+399
j  com.microsoft.sqlserver.jdbc.SQLServerConnection.connect(Ljava/util/Properties;Lcom/microsoft/sqlserver/jdbc/SQLServerPooledConnection;)Ljava/sql/Connection;+1736
j  com.microsoft.sqlserver.jdbc.SQLServerDriver.connect(Ljava/lang/String;Ljava/util/Properties;)Ljava/sql/Connection;+45
j  java.sql.DriverManager.getConnection(Ljava/lang/String;Ljava/util/Properties;Ljava/lang/Class;)Ljava/sql/Connection;+131 java.sql@15.0.1
j  java.sql.DriverManager.getConnection(Ljava/lang/String;)Ljava/sql/Connection;+13 java.sql@15.0.1
j  version_pack.sqlhelper.getDbConnection()V+9
j  version_pack.sqlhelper.main([Ljava/lang/String;)V+0
v  ~StubRoutines::call_stub

siginfo: EXCEPTION_ACCESS_VIOLATION (0xc0000005), reading address 0x00000003b5397630


Register to memory mapping:

RIP=0x00007ffd48ec234c jvm.dll
RAX=0x00000003b53975c0 is an unknown value
RBX=0x000002145b943e00 is a thread
RCX=0x0000000000000003 is an unknown value
RDX=0x000000340bcfea20 is pointing into the stack for thread: 0x000002145b943e00
RSP=0x000000340bcfe710 is pointing into the stack for thread: 0x000002145b943e00
RBP=0x000002145b944128 points into unknown readable memory: 0x00007ffd4951de40 | 40 de 51 49 fd 7f 00 00
RSI=0x000000340bcfea20 is pointing into the stack for thread: 0x000002145b943e00
RDI=0x0 is NULL
R8 =0x0000000000000003 is an unknown value
R9 =0x0 is NULL
R10=0x00007ffd6973d110 sqljdbc_auth.dll
R11=0x000000008939b8d8 is pointing into object: [B 
{0x000000008939b8c8} - klass: {type array byte}
 - length: 47
R12=0x000000340bcfeaa8 is pointing into the stack for thread: 0x000002145b943e00
R13=0x0 is NULL
R14=0x000000340bcfeaa0 is pointing into the stack for thread: 0x000002145b943e00
R15=0x0 is NULL


Registers:
RAX=0x00000003b53975c0, RBX=0x000002145b943e00, RCX=0x0000000000000003, RDX=0x000000340bcfea20
RSP=0x000000340bcfe710, RBP=0x000002145b944128, RSI=0x000000340bcfea20, RDI=0x0000000000000000
R8 =0x0000000000000003, R9 =0x0000000000000000, R10=0x00007ffd6973d110, R11=0x000000008939b8d8
R12=0x000000340bcfeaa8, R13=0x0000000000000000, R14=0x000000340bcfeaa0, R15=0x0000000000000000
RIP=0x00007ffd48ec234c, EFLAGS=0x0000000000010206

Top of Stack: (sp=0x000000340bcfe710)
0x000000340bcfe710:   000000340bcfeaa0 000002145b943e00
0x000000340bcfe720:   00007ffd6973d110 00007ffd6973d110
0x000000340bcfe730:   000002145b943e00 0000000000000000
0x000000340bcfe740:   0000000000000000 0000000000000000
0x000000340bcfe750:   000002145ba04270 00007ffd69716777
0x000000340bcfe760:   000002145b944128 000000340bcfe860
0x000000340bcfe770:   000000340bcfea20 0000000000000000
0x000000340bcfe780:   0000000000000000 0000000000000000
0x000000340bcfe790:   0000000000000000 0000000000000000
0x000000340bcfe7a0:   0000000000000000 0000000000000000
0x000000340bcfe7b0:   0000021402000000 000000340bcfe6c0
0x000000340bcfe7c0:   0000000000000000 0000000000000000
0x000000340bcfe7d0:   0000021400000000 0000000000000400
0x000000340bcfe7e0:   0000000000000000 0000000000000000
0x000000340bcfe7f0:   000000340bcfea70 0000000000000000
0x000000340bcfe800:   000000340bcfea88 000000340bcfea80 

Instructions: (pc=0x00007ffd48ec234c)
0x00007ffd48ec224c:   00 00 48 81 c4 d0 00 00 00 5b c3 cc cc cc cc cc
0x00007ffd48ec225c:   cc cc cc cc 48 89 5c 24 08 48 89 6c 24 10 48 89
0x00007ffd48ec226c:   74 24 18 57 48 83 ec 40 8b 81 88 00 00 00 48 8d
0x00007ffd48ec227c:   99 d8 fc ff ff 05 55 21 ff ff 33 ff 48 8b f2 48
0x00007ffd48ec228c:   8b e9 83 f8 01 76 0a 48 8b cb e8 e5 b2 39 00 8b
0x00007ffd48ec229c:   df c7 83 98 03 00 00 05 00 00 00 e8 44 a5 27 00
0x00007ffd48ec22ac:   48 8b 03 48 8b cb ff 50 38 84 c0 74 0e 48 8b 83
0x00007ffd48ec22bc:   10 01 00 00 c0 e8 03 24 01 eb 0b 8b 05 43 a4 6f
0x00007ffd48ec22cc:   00 85 c0 0f 95 c0 84 c0 75 0d 8b 83 e0 00 00 00
0x00007ffd48ec22dc:   a9 04 00 00 20 74 08 48 8b cb e8 15 b9 39 00 c7
0x00007ffd48ec22ec:   83 98 03 00 00 06 00 00 00 48 89 5c 24 20 48 89
0x00007ffd48ec22fc:   7c 24 28 48 39 7b 08 74 0a 48 8d 4c 24 20 e8 d1
0x00007ffd48ec230c:   45 2b 00 40 f6 c6 01 74 0c 48 8d 4e ff ff 15 89
0x00007ffd48ec231c:   94 65 00 eb 09 48 8b ce ff 15 de 1c 65 00 40 38
0x00007ffd48ec232c:   3d b0 0c 6e 00 74 15 8b 40 08 8b 0d e4 96 65 00
0x00007ffd48ec233c:   48 d3 e0 48 03 05 d2 96 65 00 eb 04 48 8b 40 08
0x00007ffd48ec234c:   48 8b 48 70 48 85 c9 74 09 ff 15 ad 1c 65 00 48
0x00007ffd48ec235c:   8b f8 48 8b d7 48 8b cd e8 d7 4d 03 00 48 83 7c
0x00007ffd48ec236c:   24 28 00 48 8b f0 74 0a 48 8d 4c 24 20 e8 02 46
0x00007ffd48ec237c:   2b 00 48 8b bb f8 00 00 00 48 8b 4f 10 48 83 39
0x00007ffd48ec238c:   00 74 0c 48 8b cf e8 f9 23 f7 ff 48 8b 4f 10 48
0x00007ffd48ec239c:   8b 47 08 48 89 48 10 48 8b 4f 08 48 8b 47 18 48
0x00007ffd48ec23ac:   89 41 18 48 8b 4f 08 48 8b 47 20 48 89 41 20 c7
0x00007ffd48ec23bc:   83 98 03 00 00 07 00 00 00 e8 26 a4 27 00 48 8b
0x00007ffd48ec23cc:   83 10 01 00 00 c0 e8 03 a8 01 74 08 48 8b cb e8
0x00007ffd48ec23dc:   a0 a8 2e 00 48 8b 6c 24 58 48 8b c6 48 8b 74 24
0x00007ffd48ec23ec:   60 c7 83 98 03 00 00 04 00 00 00 48 8b 5c 24 50
0x00007ffd48ec23fc:   48 83 c4 40 5f c3 cc cc cc cc cc cc cc cc cc cc
0x00007ffd48ec240c:   cc cc cc cc 48 89 5c 24 08 48 89 6c 24 10 48 89
0x00007ffd48ec241c:   74 24 18 57 48 83 ec 20 8b 81 88 00 00 00 48 8d
0x00007ffd48ec242c:   99 d8 fc ff ff 05 55 21 ff ff 49 8b f0 48 8b ea
0x00007ffd48ec243c:   83 f8 01 76 0a 48 8b cb e8 37 b1 39 00 33 db c7 


Stack slot to memory mapping:
stack at sp + 0 slots: 0x000000340bcfeaa0 is pointing into the stack for thread: 0x000002145b943e00
stack at sp + 1 slots: 0x000002145b943e00 is a thread
stack at sp + 2 slots: 0x00007ffd6973d110 sqljdbc_auth.dll
stack at sp + 3 slots: 0x00007ffd6973d110 sqljdbc_auth.dll
stack at sp + 4 slots: 0x000002145b943e00 is a thread
stack at sp + 5 slots: 0x0 is NULL
stack at sp + 6 slots: 0x0 is NULL
stack at sp + 7 slots: 0x0 is NULL


---------------  P R O C E S S  ---------------

Threads class SMR info:
_java_thread_list=0x00000214758989e0, length=11, elements={
0x000002145b943e00, 0x0000021475712130, 0x000002147571b010, 0x00000214757316c0,
0x0000021475733ba0, 0x0000021475734170, 0x0000021475738a80, 0x00000214757a6ca0,
0x00000214757ab970, 0x00000214758ad4d0, 0x00000214758b3d20
}

Java Threads: ( => current thread )
=>0x000002145b943e00 JavaThread "main" [_thread_in_vm, id=7764, stack(0x000000340bc00000,0x000000340bd00000)]
  0x0000021475712130 JavaThread "Reference Handler" daemon [_thread_blocked, id=3212, stack(0x000000340c400000,0x000000340c500000)]
  0x000002147571b010 JavaThread "Finalizer" daemon [_thread_blocked, id=9808, stack(0x000000340c500000,0x000000340c600000)]
  0x00000214757316c0 JavaThread "Signal Dispatcher" daemon [_thread_blocked, id=4284, stack(0x000000340c600000,0x000000340c700000)]
  0x0000021475733ba0 JavaThread "Attach Listener" daemon [_thread_blocked, id=7768, stack(0x000000340c700000,0x000000340c800000)]
  0x0000021475734170 JavaThread "Service Thread" daemon [_thread_blocked, id=10544, stack(0x000000340c800000,0x000000340c900000)]
  0x0000021475738a80 JavaThread "C2 CompilerThread0" daemon [_thread_blocked, id=10416, stack(0x000000340c900000,0x000000340ca00000)]
  0x00000214757a6ca0 JavaThread "C1 CompilerThread0" daemon [_thread_blocked, id=11804, stack(0x000000340ca00000,0x000000340cb00000)]
  0x00000214757ab970 JavaThread "Sweeper thread" daemon [_thread_blocked, id=1564, stack(0x000000340cb00000,0x000000340cc00000)]
  0x00000214758ad4d0 JavaThread "Notification Thread" daemon [_thread_blocked, id=8180, stack(0x000000340cc00000,0x000000340cd00000)]
  0x00000214758b3d20 JavaThread "Common-Cleaner" daemon [_thread_blocked, id=6000, stack(0x000000340ce00000,0x000000340cf00000)]

Other Threads:
  0x0000021474e9bc70 VMThread "VM Thread" [stack: 0x000000340c300000,0x000000340c400000] [id=4692]
  0x00000214758ad9a0 WatcherThread [stack: 0x000000340cd00000,0x000000340ce00000] [id=9732]
  0x000002145b9841e0 GCTaskThread "GC Thread#0" [stack: 0x000000340be00000,0x000000340bf00000] [id=5212]
  0x0000021475a0d6a0 GCTaskThread "GC Thread#1" [stack: 0x000000340cf00000,0x000000340d000000] [id=11360]
  0x000002145b996e20 ConcurrentGCThread "G1 Main Marker" [stack: 0x000000340bf00000,0x000000340c000000] [id=824]
  0x000002145b9976e0 ConcurrentGCThread "G1 Conc#0" [stack: 0x000000340c000000,0x000000340c100000] [id=280]
  0x000002145ba07840 ConcurrentGCThread "G1 Refine#0" [stack: 0x000000340c100000,0x000000340c200000] [id=5172]
  0x000002145ba09d30 ConcurrentGCThread "G1 Young RemSet Sampling" [stack: 0x000000340c200000,0x000000340c300000] [id=5824]

Threads with active compile tasks:

VM state: not at safepoint (normal execution)

VM Mutex/Monitor currently owned by a thread: None

Heap address: 0x0000000081800000, size: 2024 MB, Compressed Oops mode: 32-bit
CDS disabled.
Compressed class space mapped at: 0x0000000100000000-0x0000000140000000, size: 1073741824
Narrow klass base: 0x0000000000000000, Narrow klass shift: 3, Narrow klass range: 0x140000000

GC Precious Log:
 CPUs: 2 total, 2 available
 Memory: 8091M
 Large Page Support: Disabled
 NUMA Support: Disabled
 Compressed Oops: Enabled (32-bit)
 Heap Region Size: 1M
 Heap Min Capacity: 8M
 Heap Initial Capacity: 128M
 Heap Max Capacity: 2024M
 Pre-touch: Disabled
 Parallel Workers: 2
 Concurrent Workers: 1
 Concurrent Refinement Workers: 2
 Periodic GC: Disabled

Heap:
 garbage-first heap   total 131072K, used 7371K [0x0000000081800000, 0x0000000100000000)
  region size 1024K, 6 young (6144K), 1 survivors (1024K)
 Metaspace       used 14968K, capacity 15157K, committed 15360K, reserved 1062912K
  class space    used 1430K, capacity 1487K, committed 1536K, reserved 1048576K

Heap Regions: E=young(eden), S=young(survivor), O=old, HS=humongous(starts), HC=humongous(continues), CS=collection set, F=free, OA=open archive, CA=closed archive, TAMS=top-at-mark-start (previous, next)
|   0|0x0000000081800000, 0x0000000081900000, 0x0000000081900000|100%| O|  |TAMS 0x0000000081800000, 0x0000000081800000| Untracked 
|   1|0x0000000081900000, 0x0000000081a00000, 0x0000000081a00000|100%| O|  |TAMS 0x0000000081900000, 0x0000000081900000| Untracked 
|   2|0x0000000081a00000, 0x0000000081a7ee00, 0x0000000081b00000| 49%| O|  |TAMS 0x0000000081a00000, 0x0000000081a00000| Untracked 
|   3|0x0000000081b00000, 0x0000000081b00000, 0x0000000081c00000|  0%| F|  |TAMS 0x0000000081b00000, 0x0000000081b00000| Untracked 
|   4|0x0000000081c00000, 0x0000000081c00000, 0x0000000081d00000|  0%| F|  |TAMS 0x0000000081c00000, 0x0000000081c00000| Untracked 
|   5|0x0000000081d00000, 0x0000000081d00000, 0x0000000081e00000|  0%| F|  |TAMS 0x0000000081d00000, 0x0000000081d00000| Untracked 
|   6|0x0000000081e00000, 0x0000000081e00000, 0x0000000081f00000|  0%| F|  |TAMS 0x0000000081e00000, 0x0000000081e00000| Untracked 
|   7|0x0000000081f00000, 0x0000000081f00000, 0x0000000082000000|  0%| F|  |TAMS 0x0000000081f00000, 0x0000000081f00000| Untracked 
|   8|0x0000000082000000, 0x0000000082000000, 0x0000000082100000|  0%| F|  |TAMS 0x0000000082000000, 0x0000000082000000| Untracked 
|   9|0x0000000082100000, 0x0000000082100000, 0x0000000082200000|  0%| F|  |TAMS 0x0000000082100000, 0x0000000082100000| Untracked 
|  10|0x0000000082200000, 0x0000000082200000, 0x0000000082300000|  0%| F|  |TAMS 0x0000000082200000, 0x0000000082200000| Untracked 
|  11|0x0000000082300000, 0x0000000082300000, 0x0000000082400000|  0%| F|  |TAMS 0x0000000082300000, 0x0000000082300000| Untracked 
|  12|0x0000000082400000, 0x0000000082400000, 0x0000000082500000|  0%| F|  |TAMS 0x0000000082400000, 0x0000000082400000| Untracked 
|  13|0x0000000082500000, 0x0000000082500000, 0x0000000082600000|  0%| F|  |TAMS 0x0000000082500000, 0x0000000082500000| Untracked 
|  14|0x0000000082600000, 0x0000000082600000, 0x0000000082700000|  0%| F|  |TAMS 0x0000000082600000, 0x0000000082600000| Untracked 
|  15|0x0000000082700000, 0x0000000082700000, 0x0000000082800000|  0%| F|  |TAMS 0x0000000082700000, 0x0000000082700000| Untracked 
|  16|0x0000000082800000, 0x0000000082800000, 0x0000000082900000|  0%| F|  |TAMS 0x0000000082800000, 0x0000000082800000| Untracked 
|  17|0x0000000082900000, 0x0000000082900000, 0x0000000082a00000|  0%| F|  |TAMS 0x0000000082900000, 0x0000000082900000| Untracked 
|  18|0x0000000082a00000, 0x0000000082a00000, 0x0000000082b00000|  0%| F|  |TAMS 0x0000000082a00000, 0x0000000082a00000| Untracked 
|  19|0x0000000082b00000, 0x0000000082b00000, 0x0000000082c00000|  0%| F|  |TAMS 0x0000000082b00000, 0x0000000082b00000| Untracked 
|  20|0x0000000082c00000, 0x0000000082c00000, 0x0000000082d00000|  0%| F|  |TAMS 0x0000000082c00000, 0x0000000082c00000| Untracked 
|  21|0x0000000082d00000, 0x0000000082d00000, 0x0000000082e00000|  0%| F|  |TAMS 0x0000000082d00000, 0x0000000082d00000| Untracked 
|  22|0x0000000082e00000, 0x0000000082e00000, 0x0000000082f00000|  0%| F|  |TAMS 0x0000000082e00000, 0x0000000082e00000| Untracked 
|  23|0x0000000082f00000, 0x0000000082f00000, 0x0000000083000000|  0%| F|  |TAMS 0x0000000082f00000, 0x0000000082f00000| Untracked 
|  24|0x0000000083000000, 0x0000000083000000, 0x0000000083100000|  0%| F|  |TAMS 0x0000000083000000, 0x0000000083000000| Untracked 
|  25|0x0000000083100000, 0x0000000083100000, 0x0000000083200000|  0%| F|  |TAMS 0x0000000083100000, 0x0000000083100000| Untracked 
|  26|0x0000000083200000, 0x0000000083200000, 0x0000000083300000|  0%| F|  |TAMS 0x0000000083200000, 0x0000000083200000| Untracked 
|  27|0x0000000083300000, 0x0000000083300000, 0x0000000083400000|  0%| F|  |TAMS 0x0000000083300000, 0x0000000083300000| Untracked 
|  28|0x0000000083400000, 0x0000000083400000, 0x0000000083500000|  0%| F|  |TAMS 0x0000000083400000, 0x0000000083400000| Untracked 
|  29|0x0000000083500000, 0x0000000083500000, 0x0000000083600000|  0%| F|  |TAMS 0x0000000083500000, 0x0000000083500000| Untracked 
|  30|0x0000000083600000, 0x0000000083600000, 0x0000000083700000|  0%| F|  |TAMS 0x0000000083600000, 0x0000000083600000| Untracked 
|  31|0x0000000083700000, 0x0000000083700000, 0x0000000083800000|  0%| F|  |TAMS 0x0000000083700000, 0x0000000083700000| Untracked 
|  32|0x0000000083800000, 0x0000000083800000, 0x0000000083900000|  0%| F|  |TAMS 0x0000000083800000, 0x0000000083800000| Untracked 
|  33|0x0000000083900000, 0x0000000083900000, 0x0000000083a00000|  0%| F|  |TAMS 0x0000000083900000, 0x0000000083900000| Untracked 
|  34|0x0000000083a00000, 0x0000000083a00000, 0x0000000083b00000|  0%| F|  |TAMS 0x0000000083a00000, 0x0000000083a00000| Untracked 
|  35|0x0000000083b00000, 0x0000000083b00000, 0x0000000083c00000|  0%| F|  |TAMS 0x0000000083b00000, 0x0000000083b00000| Untracked 
|  36|0x0000000083c00000, 0x0000000083c00000, 0x0000000083d00000|  0%| F|  |TAMS 0x0000000083c00000, 0x0000000083c00000| Untracked 
|  37|0x0000000083d00000, 0x0000000083d00000, 0x0000000083e00000|  0%| F|  |TAMS 0x0000000083d00000, 0x0000000083d00000| Untracked 
|  38|0x0000000083e00000, 0x0000000083e00000, 0x0000000083f00000|  0%| F|  |TAMS 0x0000000083e00000, 0x0000000083e00000| Untracked 
|  39|0x0000000083f00000, 0x0000000083f00000, 0x0000000084000000|  0%| F|  |TAMS 0x0000000083f00000, 0x0000000083f00000| Untracked 
|  40|0x0000000084000000, 0x0000000084000000, 0x0000000084100000|  0%| F|  |TAMS 0x0000000084000000, 0x0000000084000000| Untracked 
|  41|0x0000000084100000, 0x0000000084100000, 0x0000000084200000|  0%| F|  |TAMS 0x0000000084100000, 0x0000000084100000| Untracked 
|  42|0x0000000084200000, 0x0000000084200000, 0x0000000084300000|  0%| F|  |TAMS 0x0000000084200000, 0x0000000084200000| Untracked 
|  43|0x0000000084300000, 0x0000000084300000, 0x0000000084400000|  0%| F|  |TAMS 0x0000000084300000, 0x0000000084300000| Untracked 
|  44|0x0000000084400000, 0x0000000084400000, 0x0000000084500000|  0%| F|  |TAMS 0x0000000084400000, 0x0000000084400000| Untracked 
|  45|0x0000000084500000, 0x0000000084500000, 0x0000000084600000|  0%| F|  |TAMS 0x0000000084500000, 0x0000000084500000| Untracked 
|  46|0x0000000084600000, 0x0000000084600000, 0x0000000084700000|  0%| F|  |TAMS 0x0000000084600000, 0x0000000084600000| Untracked 
|  47|0x0000000084700000, 0x0000000084700000, 0x0000000084800000|  0%| F|  |TAMS 0x0000000084700000, 0x0000000084700000| Untracked 
|  48|0x0000000084800000, 0x0000000084800000, 0x0000000084900000|  0%| F|  |TAMS 0x0000000084800000, 0x0000000084800000| Untracked 
|  49|0x0000000084900000, 0x0000000084900000, 0x0000000084a00000|  0%| F|  |TAMS 0x0000000084900000, 0x0000000084900000| Untracked 
|  50|0x0000000084a00000, 0x0000000084a00000, 0x0000000084b00000|  0%| F|  |TAMS 0x0000000084a00000, 0x0000000084a00000| Untracked 
|  51|0x0000000084b00000, 0x0000000084b00000, 0x0000000084c00000|  0%| F|  |TAMS 0x0000000084b00000, 0x0000000084b00000| Untracked 
|  52|0x0000000084c00000, 0x0000000084c00000, 0x0000000084d00000|  0%| F|  |TAMS 0x0000000084c00000, 0x0000000084c00000| Untracked 
|  53|0x0000000084d00000, 0x0000000084d00000, 0x0000000084e00000|  0%| F|  |TAMS 0x0000000084d00000, 0x0000000084d00000| Untracked 
|  54|0x0000000084e00000, 0x0000000084e00000, 0x0000000084f00000|  0%| F|  |TAMS 0x0000000084e00000, 0x0000000084e00000| Untracked 
|  55|0x0000000084f00000, 0x0000000084f00000, 0x0000000085000000|  0%| F|  |TAMS 0x0000000084f00000, 0x0000000084f00000| Untracked 
|  56|0x0000000085000000, 0x0000000085000000, 0x0000000085100000|  0%| F|  |TAMS 0x0000000085000000, 0x0000000085000000| Untracked 
|  57|0x0000000085100000, 0x0000000085100000, 0x0000000085200000|  0%| F|  |TAMS 0x0000000085100000, 0x0000000085100000| Untracked 
|  58|0x0000000085200000, 0x0000000085200000, 0x0000000085300000|  0%| F|  |TAMS 0x0000000085200000, 0x0000000085200000| Untracked 
|  59|0x0000000085300000, 0x0000000085300000, 0x0000000085400000|  0%| F|  |TAMS 0x0000000085300000, 0x0000000085300000| Untracked 
|  60|0x0000000085400000, 0x0000000085400000, 0x0000000085500000|  0%| F|  |TAMS 0x0000000085400000, 0x0000000085400000| Untracked 
|  61|0x0000000085500000, 0x0000000085500000, 0x0000000085600000|  0%| F|  |TAMS 0x0000000085500000, 0x0000000085500000| Untracked 
|  62|0x0000000085600000, 0x0000000085600000, 0x0000000085700000|  0%| F|  |TAMS 0x0000000085600000, 0x0000000085600000| Untracked 
|  63|0x0000000085700000, 0x0000000085700000, 0x0000000085800000|  0%| F|  |TAMS 0x0000000085700000, 0x0000000085700000| Untracked 
|  64|0x0000000085800000, 0x0000000085800000, 0x0000000085900000|  0%| F|  |TAMS 0x0000000085800000, 0x0000000085800000| Untracked 
|  65|0x0000000085900000, 0x0000000085900000, 0x0000000085a00000|  0%| F|  |TAMS 0x0000000085900000, 0x0000000085900000| Untracked 
|  66|0x0000000085a00000, 0x0000000085a00000, 0x0000000085b00000|  0%| F|  |TAMS 0x0000000085a00000, 0x0000000085a00000| Untracked 
|  67|0x0000000085b00000, 0x0000000085b00000, 0x0000000085c00000|  0%| F|  |TAMS 0x0000000085b00000, 0x0000000085b00000| Untracked 
|  68|0x0000000085c00000, 0x0000000085c00000, 0x0000000085d00000|  0%| F|  |TAMS 0x0000000085c00000, 0x0000000085c00000| Untracked 
|  69|0x0000000085d00000, 0x0000000085d00000, 0x0000000085e00000|  0%| F|  |TAMS 0x0000000085d00000, 0x0000000085d00000| Untracked 
|  70|0x0000000085e00000, 0x0000000085e00000, 0x0000000085f00000|  0%| F|  |TAMS 0x0000000085e00000, 0x0000000085e00000| Untracked 
|  71|0x0000000085f00000, 0x0000000085f00000, 0x0000000086000000|  0%| F|  |TAMS 0x0000000085f00000, 0x0000000085f00000| Untracked 
|  72|0x0000000086000000, 0x0000000086000000, 0x0000000086100000|  0%| F|  |TAMS 0x0000000086000000, 0x0000000086000000| Untracked 
|  73|0x0000000086100000, 0x0000000086100000, 0x0000000086200000|  0%| F|  |TAMS 0x0000000086100000, 0x0000000086100000| Untracked 
|  74|0x0000000086200000, 0x0000000086200000, 0x0000000086300000|  0%| F|  |TAMS 0x0000000086200000, 0x0000000086200000| Untracked 
|  75|0x0000000086300000, 0x0000000086300000, 0x0000000086400000|  0%| F|  |TAMS 0x0000000086300000, 0x0000000086300000| Untracked 
|  76|0x0000000086400000, 0x0000000086400000, 0x0000000086500000|  0%| F|  |TAMS 0x0000000086400000, 0x0000000086400000| Untracked 
|  77|0x0000000086500000, 0x0000000086500000, 0x0000000086600000|  0%| F|  |TAMS 0x0000000086500000, 0x0000000086500000| Untracked 
|  78|0x0000000086600000, 0x0000000086600000, 0x0000000086700000|  0%| F|  |TAMS 0x0000000086600000, 0x0000000086600000| Untracked 
|  79|0x0000000086700000, 0x0000000086700000, 0x0000000086800000|  0%| F|  |TAMS 0x0000000086700000, 0x0000000086700000| Untracked 
|  80|0x0000000086800000, 0x0000000086800000, 0x0000000086900000|  0%| F|  |TAMS 0x0000000086800000, 0x0000000086800000| Untracked 
|  81|0x0000000086900000, 0x0000000086900000, 0x0000000086a00000|  0%| F|  |TAMS 0x0000000086900000, 0x0000000086900000| Untracked 
|  82|0x0000000086a00000, 0x0000000086a00000, 0x0000000086b00000|  0%| F|  |TAMS 0x0000000086a00000, 0x0000000086a00000| Untracked 
|  83|0x0000000086b00000, 0x0000000086b00000, 0x0000000086c00000|  0%| F|  |TAMS 0x0000000086b00000, 0x0000000086b00000| Untracked 
|  84|0x0000000086c00000, 0x0000000086c00000, 0x0000000086d00000|  0%| F|  |TAMS 0x0000000086c00000, 0x0000000086c00000| Untracked 
|  85|0x0000000086d00000, 0x0000000086d00000, 0x0000000086e00000|  0%| F|  |TAMS 0x0000000086d00000, 0x0000000086d00000| Untracked 
|  86|0x0000000086e00000, 0x0000000086e00000, 0x0000000086f00000|  0%| F|  |TAMS 0x0000000086e00000, 0x0000000086e00000| Untracked 
|  87|0x0000000086f00000, 0x0000000086f00000, 0x0000000087000000|  0%| F|  |TAMS 0x0000000086f00000, 0x0000000086f00000| Untracked 
|  88|0x0000000087000000, 0x0000000087000000, 0x0000000087100000|  0%| F|  |TAMS 0x0000000087000000, 0x0000000087000000| Untracked 
|  89|0x0000000087100000, 0x0000000087100000, 0x0000000087200000|  0%| F|  |TAMS 0x0000000087100000, 0x0000000087100000| Untracked 
|  90|0x0000000087200000, 0x0000000087200000, 0x0000000087300000|  0%| F|  |TAMS 0x0000000087200000, 0x0000000087200000| Untracked 
|  91|0x0000000087300000, 0x0000000087300000, 0x0000000087400000|  0%| F|  |TAMS 0x0000000087300000, 0x0000000087300000| Untracked 
|  92|0x0000000087400000, 0x0000000087400000, 0x0000000087500000|  0%| F|  |TAMS 0x0000000087400000, 0x0000000087400000| Untracked 
|  93|0x0000000087500000, 0x0000000087500000, 0x0000000087600000|  0%| F|  |TAMS 0x0000000087500000, 0x0000000087500000| Untracked 
|  94|0x0000000087600000, 0x0000000087600000, 0x0000000087700000|  0%| F|  |TAMS 0x0000000087600000, 0x0000000087600000| Untracked 
|  95|0x0000000087700000, 0x0000000087700000, 0x0000000087800000|  0%| F|  |TAMS 0x0000000087700000, 0x0000000087700000| Untracked 
|  96|0x0000000087800000, 0x0000000087800000, 0x0000000087900000|  0%| F|  |TAMS 0x0000000087800000, 0x0000000087800000| Untracked 
|  97|0x0000000087900000, 0x0000000087900000, 0x0000000087a00000|  0%| F|  |TAMS 0x0000000087900000, 0x0000000087900000| Untracked 
|  98|0x0000000087a00000, 0x0000000087a00000, 0x0000000087b00000|  0%| F|  |TAMS 0x0000000087a00000, 0x0000000087a00000| Untracked 
|  99|0x0000000087b00000, 0x0000000087b00000, 0x0000000087c00000|  0%| F|  |TAMS 0x0000000087b00000, 0x0000000087b00000| Untracked 
| 100|0x0000000087c00000, 0x0000000087c00000, 0x0000000087d00000|  0%| F|  |TAMS 0x0000000087c00000, 0x0000000087c00000| Untracked 
| 101|0x0000000087d00000, 0x0000000087d00000, 0x0000000087e00000|  0%| F|  |TAMS 0x0000000087d00000, 0x0000000087d00000| Untracked 
| 102|0x0000000087e00000, 0x0000000087e00000, 0x0000000087f00000|  0%| F|  |TAMS 0x0000000087e00000, 0x0000000087e00000| Untracked 
| 103|0x0000000087f00000, 0x0000000087f00000, 0x0000000088000000|  0%| F|  |TAMS 0x0000000087f00000, 0x0000000087f00000| Untracked 
| 104|0x0000000088000000, 0x0000000088000000, 0x0000000088100000|  0%| F|  |TAMS 0x0000000088000000, 0x0000000088000000| Untracked 
| 105|0x0000000088100000, 0x0000000088100000, 0x0000000088200000|  0%| F|  |TAMS 0x0000000088100000, 0x0000000088100000| Untracked 
| 106|0x0000000088200000, 0x0000000088200000, 0x0000000088300000|  0%| F|  |TAMS 0x0000000088200000, 0x0000000088200000| Untracked 
| 107|0x0000000088300000, 0x0000000088300000, 0x0000000088400000|  0%| F|  |TAMS 0x0000000088300000, 0x0000000088300000| Untracked 
| 108|0x0000000088400000, 0x0000000088400000, 0x0000000088500000|  0%| F|  |TAMS 0x0000000088400000, 0x0000000088400000| Untracked 
| 109|0x0000000088500000, 0x0000000088500000, 0x0000000088600000|  0%| F|  |TAMS 0x0000000088500000, 0x0000000088500000| Untracked 
| 110|0x0000000088600000, 0x0000000088600000, 0x0000000088700000|  0%| F|  |TAMS 0x0000000088600000, 0x0000000088600000| Untracked 
| 111|0x0000000088700000, 0x0000000088700000, 0x0000000088800000|  0%| F|  |TAMS 0x0000000088700000, 0x0000000088700000| Untracked 
| 112|0x0000000088800000, 0x0000000088800000, 0x0000000088900000|  0%| F|  |TAMS 0x0000000088800000, 0x0000000088800000| Untracked 
| 113|0x0000000088900000, 0x0000000088900000, 0x0000000088a00000|  0%| F|  |TAMS 0x0000000088900000, 0x0000000088900000| Untracked 
| 114|0x0000000088a00000, 0x0000000088a00000, 0x0000000088b00000|  0%| F|  |TAMS 0x0000000088a00000, 0x0000000088a00000| Untracked 
| 115|0x0000000088b00000, 0x0000000088b00000, 0x0000000088c00000|  0%| F|  |TAMS 0x0000000088b00000, 0x0000000088b00000| Untracked 
| 116|0x0000000088c00000, 0x0000000088c00000, 0x0000000088d00000|  0%| F|  |TAMS 0x0000000088c00000, 0x0000000088c00000| Untracked 
| 117|0x0000000088d00000, 0x0000000088d00000, 0x0000000088e00000|  0%| F|  |TAMS 0x0000000088d00000, 0x0000000088d00000| Untracked 
| 118|0x0000000088e00000, 0x0000000088e00000, 0x0000000088f00000|  0%| F|  |TAMS 0x0000000088e00000, 0x0000000088e00000| Untracked 
| 119|0x0000000088f00000, 0x0000000088f00000, 0x0000000089000000|  0%| F|  |TAMS 0x0000000088f00000, 0x0000000088f00000| Untracked 
| 120|0x0000000089000000, 0x0000000089000000, 0x0000000089100000|  0%| F|  |TAMS 0x0000000089000000, 0x0000000089000000| Untracked 
| 121|0x0000000089100000, 0x0000000089100000, 0x0000000089200000|  0%| F|  |TAMS 0x0000000089100000, 0x0000000089100000| Untracked 
| 122|0x0000000089200000, 0x00000000892b4000, 0x0000000089300000| 70%| S|CS|TAMS 0x0000000089200000, 0x0000000089200000| Complete 
| 123|0x0000000089300000, 0x00000000893f24d8, 0x0000000089400000| 94%| E|  |TAMS 0x0000000089300000, 0x0000000089300000| Complete 
| 124|0x0000000089400000, 0x0000000089500000, 0x0000000089500000|100%| E|CS|TAMS 0x0000000089400000, 0x0000000089400000| Complete 
| 125|0x0000000089500000, 0x0000000089600000, 0x0000000089600000|100%| E|CS|TAMS 0x0000000089500000, 0x0000000089500000| Complete 
| 126|0x0000000089600000, 0x0000000089700000, 0x0000000089700000|100%| E|CS|TAMS 0x0000000089600000, 0x0000000089600000| Complete 
| 127|0x0000000089700000, 0x0000000089800000, 0x0000000089800000|100%| E|CS|TAMS 0x0000000089700000, 0x0000000089700000| Complete 

Card table byte_map: [0x000002146e350000,0x000002146e750000] _byte_map_base: 0x000002146df44000

Marking Bits (Prev, Next): (CMBitMap*) 0x000002145b9866c0, (CMBitMap*) 0x000002145b986700
 Prev Bits: [0x000002146eb50000, 0x0000021470af0000)
 Next Bits: [0x0000021470af0000, 0x0000021472a90000)

Polling page: 0x0000021459820000

Metaspace:

Usage:
  Non-class:     13.35 MB capacity,    13.22 MB (>99%) used,   118.77 KB ( <1%) free+waste,    13.25 KB ( <1%) overhead. 
      Class:      1.45 MB capacity,     1.40 MB ( 96%) used,    51.65 KB (  3%) free+waste,     4.38 KB ( <1%) overhead. 
       Both:     14.80 MB capacity,    14.62 MB ( 99%) used,   170.41 KB (  1%) free+waste,    17.63 KB ( <1%) overhead. 

Virtual space:
  Non-class space:       14.00 MB reserved,      13.50 MB ( 96%) committed 
      Class space:        1.00 GB reserved,       1.50 MB ( <1%) committed 
             Both:        1.01 GB reserved,      15.00 MB (  1%) committed 

Chunk freelists:
   Non-Class:  26.00 KB
       Class:  17.00 KB
        Both:  43.00 KB

MaxMetaspaceSize: 17179869184.00 GB
CompressedClassSpaceSize: 1.00 GB

CodeHeap 'non-profiled nmethods': size=120064Kb used=370Kb max_used=370Kb free=119693Kb
 bounds [0x0000021466e10000, 0x0000021467080000, 0x000002146e350000]
CodeHeap 'profiled nmethods': size=120000Kb used=1700Kb max_used=1700Kb free=118299Kb
 bounds [0x000002145f8e0000, 0x000002145fb50000, 0x0000021466e10000]
CodeHeap 'non-nmethods': size=5696Kb used=1184Kb max_used=1203Kb free=4511Kb
 bounds [0x000002145f350000, 0x000002145f5c0000, 0x000002145f8e0000]
 total_blobs=1473 nmethods=1027 adapters=360
 compilation: enabled
              stopped_count=0, restarted_count=0
 full_count=0

Compilation events (20 events):
Event: 1.365 Thread 0x00000214757a6ca0 1014       3       sun.security.provider.MD5::FF (33 bytes)
Event: 1.365 Thread 0x00000214757a6ca0 nmethod 1014 0x000002145fa85c90 code [0x000002145fa85e20, 0x000002145fa85f38]
Event: 1.365 Thread 0x00000214757a6ca0 1015       3       sun.security.provider.MD5::GG (33 bytes)
Event: 1.365 Thread 0x00000214757a6ca0 nmethod 1015 0x000002145fa86010 code [0x000002145fa861a0, 0x000002145fa862b8]
Event: 1.365 Thread 0x00000214757a6ca0 1016       3       sun.security.provider.MD5::HH (29 bytes)
Event: 1.365 Thread 0x00000214757a6ca0 nmethod 1016 0x000002145fa86390 code [0x000002145fa86520, 0x000002145fa86638]
Event: 1.365 Thread 0x00000214757a6ca0 1017       3       sun.security.provider.MD5::II (31 bytes)
Event: 1.365 Thread 0x00000214757a6ca0 nmethod 1017 0x000002145fa86710 code [0x000002145fa868a0, 0x000002145fa869b8]
Event: 1.368 Thread 0x00000214757a6ca0 1022       3       java.util.Arrays::fill (21 bytes)
Event: 1.368 Thread 0x00000214757a6ca0 nmethod 1022 0x000002145fa86a90 code [0x000002145fa86c20, 0x000002145fa86db8]
Event: 1.368 Thread 0x00000214757a6ca0 1023       3       java.util.Arrays::fill (21 bytes)
Event: 1.368 Thread 0x00000214757a6ca0 nmethod 1023 0x000002145fa86e90 code [0x000002145fa87020, 0x000002145fa871b8]
Event: 1.378 Thread 0x00000214757a6ca0 1024       3       java.lang.Class::reflectionData (43 bytes)
Event: 1.379 Thread 0x00000214757a6ca0 nmethod 1024 0x000002145fa87290 code [0x000002145fa87460, 0x000002145fa87838]
Event: 1.379 Thread 0x00000214757a6ca0 1025       3       java.nio.HeapByteBuffer::get (18 bytes)
Event: 1.379 Thread 0x00000214757a6ca0 nmethod 1025 0x000002145fa87990 code [0x000002145fa87b60, 0x000002145fa87ed8]
Event: 1.379 Thread 0x00000214757a6ca0 1026       3       java.util.LinkedList::linkLast (59 bytes)
Event: 1.379 Thread 0x00000214757a6ca0 nmethod 1026 0x000002145fa88090 code [0x000002145fa88260, 0x000002145fa886b8]
Event: 1.380 Thread 0x00000214757a6ca0 1027       3       sun.security.provider.DigestBase::implCompressMultiBlockCheck (67 bytes)
Event: 1.380 Thread 0x00000214757a6ca0 nmethod 1027 0x000002145fa88810 code [0x000002145fa88a00, 0x000002145fa88f28]

GC Heap History (4 events):
Event: 0.758 GC heap before
{Heap before GC invocations=0 (full 0):
 garbage-first heap   total 131072K, used 5120K [0x0000000081800000, 0x0000000100000000)
  region size 1024K, 6 young (6144K), 0 survivors (0K)
 Metaspace       used 9614K, capacity 9782K, committed 9856K, reserved 1058816K
  class space    used 846K, capacity 867K, committed 896K, reserved 1048576K
}
Event: 0.764 GC heap after
{Heap after GC invocations=1 (full 0):
 garbage-first heap   total 131072K, used 2616K [0x0000000081800000, 0x0000000100000000)
  region size 1024K, 1 young (1024K), 1 survivors (1024K)
 Metaspace       used 9614K, capacity 9782K, committed 9856K, reserved 1058816K
  class space    used 846K, capacity 867K, committed 896K, reserved 1048576K
}
Event: 0.958 GC heap before
{Heap before GC invocations=1 (full 0):
 garbage-first heap   total 131072K, used 7736K [0x0000000081800000, 0x0000000100000000)
  region size 1024K, 6 young (6144K), 1 survivors (1024K)
 Metaspace       used 12273K, capacity 12463K, committed 12800K, reserved 1060864K
  class space    used 1114K, capacity 1165K, committed 1280K, reserved 1048576K
}
Event: 0.961 GC heap after
{Heap after GC invocations=2 (full 0):
 garbage-first heap   total 131072K, used 3275K [0x0000000081800000, 0x0000000100000000)
  region size 1024K, 1 young (1024K), 1 survivors (1024K)
 Metaspace       used 12273K, capacity 12463K, committed 12800K, reserved 1060864K
  class space    used 1114K, capacity 1165K, committed 1280K, reserved 1048576K
}

Deoptimization events (20 events):
Event: 1.254 Thread 0x000002145b943e00 Uncommon trap: trap_request=0xffffff45 fr.pc=0x0000021466e5a764 relative=0x0000000000001444
Event: 1.254 Thread 0x000002145b943e00 Uncommon trap: reason=unstable_if action=reinterpret pc=0x0000021466e5a764 method=sun.security.util.AbstractAlgorithmConstraints.checkAlgorithm(Ljava/util/List;Ljava/lang/String;Lsun/security/util/AlgorithmDecomposer;)Z @ 75 c2
Event: 1.254 Thread 0x000002145b943e00 DEOPT PACKING pc=0x0000021466e5a764 sp=0x000000340bcfe710
Event: 1.254 Thread 0x000002145b943e00 DEOPT UNPACKING pc=0x000002145f39e129 sp=0x000000340bcfe6e0 mode 2
Event: 1.325 Thread 0x000002145b943e00 Uncommon trap: trap_request=0xffffffc6 fr.pc=0x0000021466e622ac relative=0x0000000000000c8c
Event: 1.325 Thread 0x000002145b943e00 Uncommon trap: reason=bimorphic_or_optimized_type_check action=maybe_recompile pc=0x0000021466e622ac method=java.util.regex.Pattern$Branch.match(Ljava/util/regex/Matcher;ILjava/lang/CharSequence;)Z @ 50 c2
Event: 1.325 Thread 0x000002145b943e00 DEOPT PACKING pc=0x0000021466e622ac sp=0x000000340bcfdf60
Event: 1.325 Thread 0x000002145b943e00 DEOPT UNPACKING pc=0x000002145f39e129 sp=0x000000340bcfdf80 mode 2
Event: 1.371 Thread 0x000002145b943e00 Uncommon trap: trap_request=0xffffffc6 fr.pc=0x0000021466e622ac relative=0x0000000000000c8c
Event: 1.371 Thread 0x000002145b943e00 Uncommon trap: reason=bimorphic_or_optimized_type_check action=maybe_recompile pc=0x0000021466e622ac method=java.util.regex.Pattern$Branch.match(Ljava/util/regex/Matcher;ILjava/lang/CharSequence;)Z @ 50 c2
Event: 1.371 Thread 0x000002145b943e00 DEOPT PACKING pc=0x0000021466e622ac sp=0x000000340bcfe0d0
Event: 1.371 Thread 0x000002145b943e00 DEOPT UNPACKING pc=0x000002145f39e129 sp=0x000000340bcfe0f0 mode 2
Event: 1.371 Thread 0x000002145b943e00 Uncommon trap: trap_request=0xffffffc6 fr.pc=0x0000021466e622ac relative=0x0000000000000c8c
Event: 1.371 Thread 0x000002145b943e00 Uncommon trap: reason=bimorphic_or_optimized_type_check action=maybe_recompile pc=0x0000021466e622ac method=java.util.regex.Pattern$Branch.match(Ljava/util/regex/Matcher;ILjava/lang/CharSequence;)Z @ 50 c2
Event: 1.371 Thread 0x000002145b943e00 DEOPT PACKING pc=0x0000021466e622ac sp=0x000000340bcfe0d0
Event: 1.371 Thread 0x000002145b943e00 DEOPT UNPACKING pc=0x000002145f39e129 sp=0x000000340bcfe0f0 mode 2
Event: 1.371 Thread 0x000002145b943e00 Uncommon trap: trap_request=0xffffffc6 fr.pc=0x0000021466e622ac relative=0x0000000000000c8c
Event: 1.371 Thread 0x000002145b943e00 Uncommon trap: reason=bimorphic_or_optimized_type_check action=maybe_recompile pc=0x0000021466e622ac method=java.util.regex.Pattern$Branch.match(Ljava/util/regex/Matcher;ILjava/lang/CharSequence;)Z @ 50 c2
Event: 1.371 Thread 0x000002145b943e00 DEOPT PACKING pc=0x0000021466e622ac sp=0x000000340bcfe020
Event: 1.371 Thread 0x000002145b943e00 DEOPT UNPACKING pc=0x000002145f39e129 sp=0x000000340bcfe040 mode 2

Classes unloaded (0 events):
No events

Classes redefined (0 events):
No events

Internal exceptions (12 events):
Event: 0.457 Thread 0x000002145b943e00 Exception <a 'java/lang/NoSuchMethodError'{0x0000000089571d68}: 'void java.lang.invoke.DirectMethodHandle$Holder.invokeStatic(java.lang.Object, java.lang.Object)'> (0x0000000089571d68) 
thrown [./open/src/hotspot/share/interpreter/linkResolver.cpp, line 782]
Event: 0.457 Thread 0x000002145b943e00 Exception <a 'java/lang/NoSuchMethodError'{0x0000000089575b28}: 'void java.lang.invoke.DirectMethodHandle$Holder.invokeStaticInit(java.lang.Object, java.lang.Object)'> (0x0000000089575b28) 
thrown [./open/src/hotspot/share/interpreter/linkResolver.cpp, line 782]
Event: 0.627 Thread 0x000002145b943e00 Exception <a 'java/lang/NoSuchMethodError'{0x0000000089335ef8}: 'java.lang.Object java.lang.invoke.DirectMethodHandle$Holder.invokeStatic(java.lang.Object)'> (0x0000000089335ef8) 
thrown [./open/src/hotspot/share/interpreter/linkResolver.cpp, line 782]
Event: 0.628 Thread 0x000002145b943e00 Exception <a 'java/lang/NoSuchMethodError'{0x0000000089339568}: 'java.lang.Object java.lang.invoke.DirectMethodHandle$Holder.invokeStaticInit(java.lang.Object)'> (0x0000000089339568) 
thrown [./open/src/hotspot/share/interpreter/linkResolver.cpp, line 782]
Event: 0.634 Thread 0x000002145b943e00 Exception <a 'java/lang/NoSuchMethodError'{0x0000000089341620}: 'void java.lang.invoke.DirectMethodHandle$Holder.invokeSpecial(java.lang.Object, java.lang.Object, java.lang.Object)'> (0x0000000089341620) 
thrown [./open/src/hotspot/share/interpreter/linkResolver.cpp, line 782]
Event: 0.637 Thread 0x000002145b943e00 Exception <a 'java/lang/NoSuchMethodError'{0x000000008934b630}: 'java.lang.Object java.lang.invoke.DirectMethodHandle$Holder.invokeInterface(java.lang.Object, java.lang.Object)'> (0x000000008934b630) 
thrown [./open/src/hotspot/share/interpreter/linkResolver.cpp, line 782]
Event: 0.877 Thread 0x000002145b943e00 Exception <a 'java/lang/NoSuchMethodError'{0x00000000895b4230}: 'java.lang.Object java.lang.invoke.DirectMethodHandle$Holder.invokeStaticInit(java.lang.Object, int, int, int, int)'> (0x00000000895b4230) 
thrown [./open/src/hotspot/share/interpreter/linkResolver.cpp, line 782]
Event: 0.880 Thread 0x000002145b943e00 Exception <a 'sun/nio/fs/WindowsException'{0x00000000895bb468}> (0x00000000895bb468) 
thrown [./open/src/hotspot/share/prims/jni.cpp, line 578]
Event: 0.896 Thread 0x000002145b943e00 Exception <a 'java/lang/NoSuchMethodError'{0x00000000895eb850}: 'int java.lang.invoke.DirectMethodHandle$Holder.invokeStaticInit(java.lang.Object, java.lang.Object, java.lang.Object, java.lang.Object)'> (0x00000000895eb850) 
thrown [./open/src/hotspot/share/interpreter/linkResolver.cpp, line 782]
Event: 0.897 Thread 0x000002145b943e00 Exception <a 'java/lang/IncompatibleClassChangeError'{0x00000000895f5fa8}: Found class java.lang.Object, but interface was expected> (0x00000000895f5fa8) 
thrown [./open/src/hotspot/share/interpreter/linkResolver.cpp, line 848]
Event: 0.899 Thread 0x000002145b943e00 Exception <a 'java/lang/NoSuchMethodError'{0x00000000895fbfd8}: 'int java.lang.invoke.DirectMethodHandle$Holder.invokeStaticInit(java.lang.Object, java.lang.Object)'> (0x00000000895fbfd8) 
thrown [./open/src/hotspot/share/interpreter/linkResolver.cpp, line 782]
Event: 1.126 Thread 0x000002145b943e00 Exception <a 'java/lang/NoSuchMethodError'{0x0000000089632990}: 'java.lang.Object java.lang.invoke.DirectMethodHandle$Holder.invokeStaticInit(java.lang.Object, java.lang.Object, int, int, int, int)'> (0x0000000089632990) 
thrown [./open/src/hotspot/share/interpreter/linkResolver.cpp, line 782]

Events (20 events):
Event: 1.370 loading class javax/crypto/Mac done
Event: 1.370 loading class com/sun/crypto/provider/HmacSHA1
Event: 1.370 loading class com/sun/crypto/provider/HmacCore
Event: 1.370 loading class javax/crypto/MacSpi
Event: 1.370 loading class javax/crypto/MacSpi done
Event: 1.370 loading class com/sun/crypto/provider/HmacCore done
Event: 1.370 loading class com/sun/crypto/provider/HmacSHA1 done
Event: 1.370 loading class sun/security/ssl/SSLCipher$T10BlockWriteCipherGenerator$BlockWriteCipher
Event: 1.370 loading class sun/security/ssl/SSLCipher$T10BlockWriteCipherGenerator$BlockWriteCipher done
Event: 1.378 loading class sun/security/ssl/SSLCipher$T10BlockReadCipherGenerator$BlockReadCipher
Event: 1.379 loading class sun/security/ssl/SSLCipher$T10BlockReadCipherGenerator$BlockReadCipher done
Event: 1.379 loading class java/lang/StrictMath
Event: 1.379 loading class java/lang/StrictMath done
Event: 1.380 loading class jdk/internal/event/TLSHandshakeEvent
Event: 1.380 loading class jdk/internal/event/TLSHandshakeEvent done
Event: 1.380 loading class javax/net/ssl/SSLEngineResult$HandshakeStatus
Event: 1.380 loading class javax/net/ssl/SSLEngineResult$HandshakeStatus done
Event: 1.383 Loaded shared library C:\Program Files\Java\jdk-15.0.2\bin\sqljdbc_auth.dll
Event: 1.389 loading class java/net/InetAddress$CachedLocalHost
Event: 1.389 loading class java/net/InetAddress$CachedLocalHost done


Dynamic libraries:
0x00007ff6378b0000 - 0x00007ff6378bd000 	D:\kunal\asdf\eclipse-java-2020-12-R-win32-x86_64\eclipse\plugins\org.eclipse.justj.openjdk.hotspot.jre.full.win32.x86_64_15.0.1.v20201027-0507\jre\bin\javaw.exe
0x00007ffd91ca0000 - 0x00007ffd91e90000 	C:\WINDOWS\SYSTEM32\ntdll.dll
0x00007ffd90440000 - 0x00007ffd904f2000 	C:\WINDOWS\System32\KERNEL32.DLL
0x00007ffd8f080000 - 0x00007ffd8f323000 	C:\WINDOWS\System32\KERNELBASE.dll
0x00007ffd8fb80000 - 0x00007ffd8fc7a000 	C:\WINDOWS\System32\ucrtbase.dll
0x00007ffd77e70000 - 0x00007ffd77e88000 	D:\kunal\asdf\eclipse-java-2020-12-R-win32-x86_64\eclipse\plugins\org.eclipse.justj.openjdk.hotspot.jre.full.win32.x86_64_15.0.1.v20201027-0507\jre\bin\jli.dll
0x00007ffd91700000 - 0x00007ffd91894000 	C:\WINDOWS\System32\USER32.dll
0x00007ffd8fd20000 - 0x00007ffd8fd41000 	C:\WINDOWS\System32\win32u.dll
0x00007ffd918a0000 - 0x00007ffd918c6000 	C:\WINDOWS\System32\GDI32.dll
0x00007ffd8eee0000 - 0x00007ffd8f074000 	C:\WINDOWS\System32\gdi32full.dll
0x00007ffd8fae0000 - 0x00007ffd8fb7e000 	C:\WINDOWS\System32\msvcp_win.dll
0x00007ffd6aba0000 - 0x00007ffd6abb9000 	D:\kunal\asdf\eclipse-java-2020-12-R-win32-x86_64\eclipse\plugins\org.eclipse.justj.openjdk.hotspot.jre.full.win32.x86_64_15.0.1.v20201027-0507\jre\bin\VCRUNTIME140.dll
0x00007ffd849f0000 - 0x00007ffd84c75000 	C:\WINDOWS\WinSxS\amd64_microsoft.windows.common-controls_6595b64144ccf1df_6.0.18362.778_none_e6c6b761130d4fb8\COMCTL32.dll
0x00007ffd91b60000 - 0x00007ffd91bfe000 	C:\WINDOWS\System32\msvcrt.dll
0x00007ffd90cd0000 - 0x00007ffd91006000 	C:\WINDOWS\System32\combase.dll
0x00007ffd91900000 - 0x00007ffd91a20000 	C:\WINDOWS\System32\RPCRT4.dll
0x00007ffd8fca0000 - 0x00007ffd8fd20000 	C:\WINDOWS\System32\bcryptPrimitives.dll
0x00007ffd918d0000 - 0x00007ffd918fe000 	C:\WINDOWS\System32\IMM32.DLL
0x00007ffd8cc30000 - 0x00007ffd8cc3c000 	D:\kunal\asdf\eclipse-java-2020-12-R-win32-x86_64\eclipse\plugins\org.eclipse.justj.openjdk.hotspot.jre.full.win32.x86_64_15.0.1.v20201027-0507\jre\bin\vcruntime140_1.dll
0x00007ffd5c2b0000 - 0x00007ffd5c341000 	D:\kunal\asdf\eclipse-java-2020-12-R-win32-x86_64\eclipse\plugins\org.eclipse.justj.openjdk.hotspot.jre.full.win32.x86_64_15.0.1.v20201027-0507\jre\bin\msvcp140.dll
0x00007ffd48b20000 - 0x00007ffd4967e000 	D:\kunal\asdf\eclipse-java-2020-12-R-win32-x86_64\eclipse\plugins\org.eclipse.justj.openjdk.hotspot.jre.full.win32.x86_64_15.0.1.v20201027-0507\jre\bin\server\jvm.dll
0x00007ffd90a00000 - 0x00007ffd90aa3000 	C:\WINDOWS\System32\ADVAPI32.dll
0x00007ffd90b80000 - 0x00007ffd90c17000 	C:\WINDOWS\System32\sechost.dll
0x00007ffd907a0000 - 0x00007ffd907a8000 	C:\WINDOWS\System32\PSAPI.DLL
0x00007ffd83ff0000 - 0x00007ffd83ff9000 	C:\WINDOWS\SYSTEM32\WSOCK32.dll
0x00007ffd91af0000 - 0x00007ffd91b5f000 	C:\WINDOWS\System32\WS2_32.dll
0x00007ffd8cc00000 - 0x00007ffd8cc24000 	C:\WINDOWS\SYSTEM32\WINMM.dll
0x00007ffd85720000 - 0x00007ffd8572a000 	C:\WINDOWS\SYSTEM32\VERSION.dll
0x00007ffd8cbd0000 - 0x00007ffd8cbfd000 	C:\WINDOWS\SYSTEM32\WINMMBASE.dll
0x00007ffd8ece0000 - 0x00007ffd8ed2a000 	C:\WINDOWS\System32\cfgmgr32.dll
0x00007ffd8ebe0000 - 0x00007ffd8ebf1000 	C:\WINDOWS\System32\kernel.appcore.dll
0x00007ffd8b480000 - 0x00007ffd8b48a000 	D:\kunal\asdf\eclipse-java-2020-12-R-win32-x86_64\eclipse\plugins\org.eclipse.justj.openjdk.hotspot.jre.full.win32.x86_64_15.0.1.v20201027-0507\jre\bin\jimage.dll
0x00007ffd7add0000 - 0x00007ffd7afc4000 	C:\WINDOWS\SYSTEM32\DBGHELP.DLL
0x00007ffd7ada0000 - 0x00007ffd7adca000 	C:\WINDOWS\SYSTEM32\dbgcore.DLL
0x00007ffd77eb0000 - 0x00007ffd77ed5000 	D:\kunal\asdf\eclipse-java-2020-12-R-win32-x86_64\eclipse\plugins\org.eclipse.justj.openjdk.hotspot.jre.full.win32.x86_64_15.0.1.v20201027-0507\jre\bin\java.dll
0x00007ffd6c590000 - 0x00007ffd6c5a8000 	D:\kunal\asdf\eclipse-java-2020-12-R-win32-x86_64\eclipse\plugins\org.eclipse.justj.openjdk.hotspot.jre.full.win32.x86_64_15.0.1.v20201027-0507\jre\bin\zip.dll
0x00007ffd91010000 - 0x00007ffd916f5000 	C:\WINDOWS\System32\SHELL32.dll
0x00007ffd906e0000 - 0x00007ffd90789000 	C:\WINDOWS\System32\shcore.dll
0x00007ffd8f330000 - 0x00007ffd8fab0000 	C:\WINDOWS\System32\windows.storage.dll
0x00007ffd8ec00000 - 0x00007ffd8ec23000 	C:\WINDOWS\System32\profapi.dll
0x00007ffd8eb90000 - 0x00007ffd8ebda000 	C:\WINDOWS\System32\powrprof.dll
0x00007ffd8eb60000 - 0x00007ffd8eb70000 	C:\WINDOWS\System32\UMPDC.dll
0x00007ffd8fd60000 - 0x00007ffd8fdb2000 	C:\WINDOWS\System32\shlwapi.dll
0x00007ffd8fc80000 - 0x00007ffd8fc97000 	C:\WINDOWS\System32\cryptsp.dll
0x00007ffd6b240000 - 0x00007ffd6b259000 	D:\kunal\asdf\eclipse-java-2020-12-R-win32-x86_64\eclipse\plugins\org.eclipse.justj.openjdk.hotspot.jre.full.win32.x86_64_15.0.1.v20201027-0507\jre\bin\net.dll
0x00007ffd851e0000 - 0x00007ffd852d0000 	C:\WINDOWS\SYSTEM32\WINHTTP.dll
0x00007ffd8e3d0000 - 0x00007ffd8e437000 	C:\WINDOWS\system32\mswsock.dll
0x00007ffd6b150000 - 0x00007ffd6b162000 	D:\kunal\asdf\eclipse-java-2020-12-R-win32-x86_64\eclipse\plugins\org.eclipse.justj.openjdk.hotspot.jre.full.win32.x86_64_15.0.1.v20201027-0507\jre\bin\nio.dll
0x00007ffd8e120000 - 0x00007ffd8e1ea000 	C:\WINDOWS\SYSTEM32\DNSAPI.dll
0x00007ffd90790000 - 0x00007ffd90798000 	C:\WINDOWS\System32\NSI.dll
0x00007ffd8e0e0000 - 0x00007ffd8e11a000 	C:\WINDOWS\SYSTEM32\IPHLPAPI.DLL
0x00007ffd84f20000 - 0x00007ffd84f2a000 	C:\Windows\System32\rasadhlp.dll
0x00007ffd86070000 - 0x00007ffd860e7000 	C:\WINDOWS\System32\fwpuclnt.dll
0x00007ffd8fab0000 - 0x00007ffd8fad6000 	C:\WINDOWS\System32\bcrypt.dll
0x00007ffd7c9f0000 - 0x00007ffd7c9fd000 	D:\kunal\asdf\eclipse-java-2020-12-R-win32-x86_64\eclipse\plugins\org.eclipse.justj.openjdk.hotspot.jre.full.win32.x86_64_15.0.1.v20201027-0507\jre\bin\sunmscapi.dll
0x00007ffd8ed30000 - 0x00007ffd8ee79000 	C:\WINDOWS\System32\CRYPT32.dll
0x00007ffd8eb70000 - 0x00007ffd8eb82000 	C:\WINDOWS\System32\MSASN1.dll
0x00007ffd8e6a0000 - 0x00007ffd8e6c6000 	C:\WINDOWS\SYSTEM32\ncrypt.dll
0x00007ffd8e660000 - 0x00007ffd8e69b000 	C:\WINDOWS\SYSTEM32\NTASN1.dll
0x00007ffd8df40000 - 0x00007ffd8df73000 	C:\WINDOWS\system32\rsaenh.dll
0x00007ffd8ea80000 - 0x00007ffd8eaa5000 	C:\WINDOWS\SYSTEM32\USERENV.dll
0x00007ffd8e5a0000 - 0x00007ffd8e5ac000 	C:\WINDOWS\SYSTEM32\CRYPTBASE.dll
0x00007ffd86920000 - 0x00007ffd86936000 	C:\WINDOWS\SYSTEM32\dhcpcsvc6.DLL
0x00007ffd86810000 - 0x00007ffd8682c000 	C:\WINDOWS\SYSTEM32\dhcpcsvc.DLL
0x00007ffd69710000 - 0x00007ffd6975b000 	C:\Program Files\Java\jdk-15.0.2\bin\sqljdbc_auth.dll
0x00007ffd90820000 - 0x00007ffd90977000 	C:\WINDOWS\System32\ole32.dll
0x00007ffd84000000 - 0x00007ffd8400c000 	C:\WINDOWS\system32\secur32.dll
0x00007ffd8ea50000 - 0x00007ffd8ea7f000 	C:\WINDOWS\SYSTEM32\SSPICLI.DLL
0x00007ffd8e490000 - 0x00007ffd8e593000 	C:\WINDOWS\system32\kerberos.DLL
0x00007ffd8e350000 - 0x00007ffd8e3c7000 	C:\WINDOWS\system32\msv1_0.DLL
0x00007ffd8e340000 - 0x00007ffd8e34d000 	C:\WINDOWS\SYSTEM32\NtlmShared.dll
0x00007ffd8e440000 - 0x00007ffd8e454000 	C:\WINDOWS\SYSTEM32\cryptdll.dll
0x00007ffd705e0000 - 0x00007ffd70608000 	C:\WINDOWS\system32\ntdsapi.dll
0x00007ffd7d6e0000 - 0x00007ffd7d6f6000 	C:\WINDOWS\system32\napinsp.dll
0x00007ffd7d6c0000 - 0x00007ffd7d6da000 	C:\WINDOWS\system32\pnrpnsp.dll
0x00007ffd7d6b0000 - 0x00007ffd7d6be000 	C:\WINDOWS\System32\winrnr.dll
0x00007ffd8b3a0000 - 0x00007ffd8b3bc000 	C:\WINDOWS\system32\NLAapi.dll
0x00007ffd7d690000 - 0x00007ffd7d6a5000 	C:\WINDOWS\system32\wshbth.dll

dbghelp: loaded successfully - version: 4.0.5 - missing functions: none
symbol engine: initialized successfully - sym options: 0x614 - pdb path: .;D:\kunal\asdf\eclipse-java-2020-12-R-win32-x86_64\eclipse\plugins\org.eclipse.justj.openjdk.hotspot.jre.full.win32.x86_64_15.0.1.v20201027-0507\jre\bin;C:\WINDOWS\SYSTEM32;C:\WINDOWS\WinSxS\amd64_microsoft.windows.common-controls_6595b64144ccf1df_6.0.18362.778_none_e6c6b761130d4fb8;D:\kunal\asdf\eclipse-java-2020-12-R-win32-x86_64\eclipse\plugins\org.eclipse.justj.openjdk.hotspot.jre.full.win32.x86_64_15.0.1.v20201027-0507\jre\bin\server;C:\Program Files\Java\jdk-15.0.2\bin

VM Arguments:
jvm_args: -Dfile.encoding=Cp1252 -XX:+ShowCodeDetailsInExceptionMessages 
java_command: version_pack.sqlhelper
java_class_path (initial): D:\kunal\eclipse-workspace\version\bin;D:\kunal\asdf\selenium-java-3.141.59\libs\byte-buddy-1.8.15.jar;D:\kunal\asdf\selenium-java-3.141.59\libs\commons-exec-1.3.jar;D:\kunal\asdf\selenium-java-3.141.59\libs\guava-25.0-jre.jar;D:\kunal\asdf\selenium-java-3.141.59\libs\okhttp-3.11.0.jar;D:\kunal\asdf\selenium-java-3.141.59\libs\okio-1.14.0.jar;D:\kunal\asdf\selenium-java-3.141.59\client-combined-3.141.59.jar;C:\Users\version\Downloads\hamcrest-core-1.3.jar;C:\Users\version\Downloads\junit-4.13.2.jar;D:\kunal\asdf\eclipse-java-2020-12-R-win32-x86_64\eclipse\plugins\org.junit_4.13.0.v20200204-1500.jar;D:\kunal\asdf\eclipse-java-2020-12-R-win32-x86_64\eclipse\plugins\org.hamcrest.core_1.3.0.v20180420-1519.jar;C:\Users\version\Downloads\joda-time-2.10.10.jar;C:\Users\version\Downloads\ashot-1.5.4.jar;C:\Users\version\Downloads\commons-io-2.8.0.jar;C:\Users\version\Downloads\sqljdbc4-3.0.jar\sqljdbc4-3.0.jar;C:\Users\version\Downloads\Jdbc-Mssql-Example\JdbcMssqlExample\src\main\resources\sqljdbc4-4.0.jar
Launcher Type: SUN_STANDARD

[Global flags]
     intx CICompilerCount                          = 2                                         {product} {ergonomic}
     uint ConcGCThreads                            = 1                                         {product} {ergonomic}
     uint G1ConcRefinementThreads                  = 2                                         {product} {ergonomic}
   size_t G1HeapRegionSize                         = 1048576                                   {product} {ergonomic}
    uintx GCDrainStackTargetSize                   = 64                                        {product} {ergonomic}
   size_t InitialHeapSize                          = 134217728                                 {product} {ergonomic}
   size_t MarkStackSize                            = 4194304                                   {product} {ergonomic}
   size_t MaxHeapSize                              = 2122317824                                {product} {ergonomic}
   size_t MaxNewSize                               = 1272971264                                {product} {ergonomic}
   size_t MinHeapDeltaBytes                        = 1048576                                   {product} {ergonomic}
   size_t MinHeapSize                              = 8388608                                   {product} {ergonomic}
    uintx NonNMethodCodeHeapSize                   = 5826188                                {pd product} {ergonomic}
    uintx NonProfiledCodeHeapSize                  = 122916026                              {pd product} {ergonomic}
    uintx ProfiledCodeHeapSize                     = 122916026                              {pd product} {ergonomic}
    uintx ReservedCodeCacheSize                    = 251658240                              {pd product} {ergonomic}
     bool SegmentedCodeCache                       = true                                      {product} {ergonomic}
     bool ShowCodeDetailsInExceptionMessages       = true                                   {manageable} {command line}
   size_t SoftMaxHeapSize                          = 2122317824                             {manageable} {ergonomic}
     bool UseCompressedClassPointers               = true                                 {lp64_product} {ergonomic}
     bool UseCompressedOops                        = true                                 {lp64_product} {ergonomic}
     bool UseG1GC                                  = true                                      {product} {ergonomic}
     bool UseLargePagesIndividualAllocation        = false                                  {pd product} {ergonomic}

Logging:
Log output configuration:
 #0: stdout all=warning uptime,level,tags
 #1: stderr all=off uptime,level,tags

Environment Variables:
JAVA_HOME=C:\Program Files\Java\jdk-15.0.2
PATH=D:/kunal/asdf/eclipse-java-2020-12-R-win32-x86_64/eclipse//plugins/org.eclipse.justj.openjdk.hotspot.jre.full.win32.x86_64_15.0.1.v20201027-0507/jre/bin/server;D:/kunal/asdf/eclipse-java-2020-12-R-win32-x86_64/eclipse//plugins/org.eclipse.justj.openjdk.hotspot.jre.full.win32.x86_64_15.0.1.v20201027-0507/jre/bin;C:\Program Files (x86)\Common Files\Oracle\Java\javapath;D:\OraHome_1;C:\Program Files\Common Files\Oracle\Java\javapath;C:\app\version\product\11.2.0\client_1\bin;C:\WINDOWS\system32;C:\WINDOWS;C:\WINDOWS\System32\Wbem;C:\WINDOWS\System32\WindowsPowerShell\v1.0\;C:\Program Files\TortoiseSVN\bin;C:\WINDOWS\System32\OpenSSH\;C:\Program Files\Microsoft SQL Server\Client SDK\ODBC\170\Tools\Binn\;C:\Program Files\Java\jdk-15.0.2\bin\;D:\junit\\junit-4.13.2.jar;C:\Program Files\Microsoft SQL Server\Client SDK\ODBC\110\Tools\Binn\;C:\Program Files (x86)\Microsoft SQL Server\120\Tools\Binn\ManagementStudio\;C:\Program Files (x86)\Microsoft SQL Server\120\Tools\Binn\;C:\Program Files\Microsoft SQL Server\120\Tools\Binn\;C:\Program Files (x86)\Microsoft SQL Server\120\DTS\Binn\;C:\Program Files\Microsoft SQL Server\120\DTS\Binn\;C:\Users\version\AppData\Local\Microsoft\WindowsApps;D:\kunal\asdf\eclipse-java-2020-12-R-win32-x86_64\eclipse;
USERNAME=version
OS=Windows_NT
PROCESSOR_IDENTIFIER=Intel64 Family 6 Model 60 Stepping 3, GenuineIntel



---------------  S Y S T E M  ---------------

OS:
 Windows 10 , 64 bit Build 18362 (10.0.18362.778)
OS uptime: 0 days 2:02 hours

CPU: total 2 (initial active 2) (2 cores per cpu, 1 threads per core) family 6 model 60 stepping 3 microcode 0x25, cmov, cx8, fxsr, mmx, sse, sse2, sse3, ssse3, sse4.1, sse4.2, popcnt, clmul, erms, lzcnt, tsc, tscinvbit, clflush

Memory: 4k page, system-wide physical 8091M (3007M free)
TotalPageFile size 12827M (AvailPageFile size 6448M)
current process WorkingSet (physical memory assigned to process): 68M, peak: 68M
current process commit charge ("private bytes"): 212M, peak: 212M

vm_info: OpenJDK 64-Bit Server VM (15.0.1+9-18) for windows-amd64 JRE (15.0.1+9-18), built on Sep 15 2020 14:39:31 by "mach5one" with unknown MS VC++:1925

END.
