#
# A fatal error has been detected by the Java Runtime Environment:
#
#  EXCEPTION_ACCESS_VIOLATION (0xc0000005) at pc=0x00007fff99162333, pid=5616, tid=12784
#
# JRE version: OpenJDK Runtime Environment (15.0.1+9) (build 15.0.1+9-18)
# Java VM: OpenJDK 64-Bit Server VM (15.0.1+9-18, mixed mode, tiered, compressed oops, g1 gc, windows-amd64)
# Problematic frame:
# V  [jvm.dll+0x3a2333]
#
# No core dump will be written. Minidumps are not enabled by default on client versions of Windows
#
# If you would like to submit a bug report, please visit:
#   https://bugreport.java.com/bugreport/crash.jsp
#

---------------  S U M M A R Y ------------

Command Line: -Dfile.encoding=Cp1252 -XX:+ShowCodeDetailsInExceptionMessages version_pack.ReadParameters

Host: Intel(R) Pentium(R) CPU G3240 @ 3.10GHz, 2 cores, 7G,  Windows 10 , 64 bit Build 19041 (10.0.19041.1151)
Time: Wed Sep  8 11:53:28 2021 India Standard Time elapsed time: 1.067278 seconds (0d 0h 0m 1s)

---------------  T H R E A D  ---------------

Current thread (0x0000017fa6024c10):  JavaThread "main" [_thread_in_vm, id=12784, stack(0x0000003687800000,0x0000003687900000)]

Stack: [0x0000003687800000,0x0000003687900000],  sp=0x00000036878fe5f0,  free space=1017k
Native frames: (J=compiled Java code, j=interpreted, Vv=VM code, C=native code)
V  [jvm.dll+0x3a2333]
C  [sqljdbc_auth.dll+0x6777]

Java frames: (J=compiled Java code, j=interpreted, Vv=VM code)
j  com.microsoft.sqlserver.jdbc.AuthenticationJNI.SNISecGenClientContext([B[I[BI[B[I[ZLjava/lang/String;Ljava/lang/String;Ljava/lang/String;Ljava/util/logging/Logger;)I+0
j  com.microsoft.sqlserver.jdbc.AuthenticationJNI.GenerateClientContext([BI[B[I[Z)I+24
j  com.microsoft.sqlserver.jdbc.SQLServerConnection.SSPIData([B[B[I[ZLcom/microsoft/sqlserver/jdbc/AuthenticationJNI;)V+13
j  com.microsoft.sqlserver.jdbc.SQLServerConnection.sendLogon(Lcom/microsoft/sqlserver/jdbc/SQLServerConnection$LogonCommand;Lcom/microsoft/sqlserver/jdbc/AuthenticationJNI;)V+151
j  com.microsoft.sqlserver.jdbc.SQLServerConnection.logon(Lcom/microsoft/sqlserver/jdbc/SQLServerConnection$LogonCommand;)V+20
j  com.microsoft.sqlserver.jdbc.SQLServerConnection.access$000(Lcom/microsoft/sqlserver/jdbc/SQLServerConnection;Lcom/microsoft/sqlserver/jdbc/SQLServerConnection$LogonCommand;)V+2
j  com.microsoft.sqlserver.jdbc.SQLServerConnection$LogonCommand.doExecute()Z+5
j  com.microsoft.sqlserver.jdbc.TDSCommand.execute(Lcom/microsoft/sqlserver/jdbc/TDSWriter;Lcom/microsoft/sqlserver/jdbc/TDSReader;)Z+30
j  com.microsoft.sqlserver.jdbc.SQLServerConnection.executeCommand(Lcom/microsoft/sqlserver/jdbc/TDSCommand;)Z+45
j  com.microsoft.sqlserver.jdbc.SQLServerConnection.connectHelper(Lcom/microsoft/sqlserver/jdbc/ServerPortPlaceHolder;II)V+284
j  com.microsoft.sqlserver.jdbc.SQLServerConnection.login(Ljava/lang/String;Ljava/lang/String;ILjava/lang/String;Lcom/microsoft/sqlserver/jdbc/FailoverInfo;IJ)V+399
j  com.microsoft.sqlserver.jdbc.SQLServerConnection.connect(Ljava/util/Properties;Lcom/microsoft/sqlserver/jdbc/SQLServerPooledConnection;)Ljava/sql/Connection;+1736
j  com.microsoft.sqlserver.jdbc.SQLServerDriver.connect(Ljava/lang/String;Ljava/util/Properties;)Ljava/sql/Connection;+45
j  java.sql.DriverManager.getConnection(Ljava/lang/String;Ljava/util/Properties;Ljava/lang/Class;)Ljava/sql/Connection;+131 java.sql@15.0.1
j  java.sql.DriverManager.getConnection(Ljava/lang/String;)Ljava/sql/Connection;+13 java.sql@15.0.1
j  version_pack.ReadParameters.makeConnection()V+9
j  version_pack.ReadParameters.main([Ljava/lang/String;)V+0
v  ~StubRoutines::call_stub

siginfo: EXCEPTION_ACCESS_VIOLATION (0xc0000005), reading address 0x0000000000000008


Register to memory mapping:

RIP=0x00007fff99162333 jvm.dll
RAX=0x0 is NULL
RBX=0x0000017fa6024c10 is a thread
RCX=0x00000036878fe900 is pointing into the stack for thread: 0x0000017fa6024c10
RDX=0x00000036878fe900 is pointing into the stack for thread: 0x0000017fa6024c10
RSP=0x00000036878fe5f0 is pointing into the stack for thread: 0x0000017fa6024c10
RBP=0x0000017fa6024f38 points into unknown readable memory: 0x00007fff997bde40 | 40 de 7b 99 ff 7f 00 00
RSI=0x00000036878fe900 is pointing into the stack for thread: 0x0000017fa6024c10
RDI=0x0 is NULL
R8 =0x0000000000000002 is an unknown value
R9 =0x0 is NULL
R10=0x00007fffc4afd110 sqljdbc_auth.dll
R11=0x0000000089327988 is pointing into object: [B 
{0x0000000089327978} - klass: {type array byte}
 - length: 47
R12=0x00000036878fe980 is pointing into the stack for thread: 0x0000017fa6024c10
R13=0x0 is NULL
R14=0x00000036878fe978 is pointing into the stack for thread: 0x0000017fa6024c10
R15=0x0 is NULL


Registers:
RAX=0x0000000000000000, RBX=0x0000017fa6024c10, RCX=0x00000036878fe900, RDX=0x00000036878fe900
RSP=0x00000036878fe5f0, RBP=0x0000017fa6024f38, RSI=0x00000036878fe900, RDI=0x0000000000000000
R8 =0x0000000000000002, R9 =0x0000000000000000, R10=0x00007fffc4afd110, R11=0x0000000089327988
R12=0x00000036878fe980, R13=0x0000000000000000, R14=0x00000036878fe978, R15=0x0000000000000000
RIP=0x00007fff99162333, EFLAGS=0x0000000000010202

Top of Stack: (sp=0x00000036878fe5f0)
0x00000036878fe5f0:   00000036878fe978 0000017fa6024c10
0x00000036878fe600:   00007fffc4afd110 00007fffc4afd110
0x00000036878fe610:   0000017fa6024c10 0000000000000000
0x00000036878fe620:   0000000000000000 0000000000000000
0x00000036878fe630:   0000017fc13b2730 00007fffc4ad6777
0x00000036878fe640:   0000017fa6024f38 00000036878fe740
0x00000036878fe650:   00000036878fe900 0000000000000000
0x00000036878fe660:   0000000000000000 0000000000000000
0x00000036878fe670:   0000000000000000 0000000000000000
0x00000036878fe680:   0000000000000000 0000000000000000
0x00000036878fe690:   0000017f02000000 00000036878fe5a0
0x00000036878fe6a0:   0000000000000000 0000000000000000
0x00000036878fe6b0:   0000017f00000000 0000000000000400
0x00000036878fe6c0:   0000000000000000 0000000000000000
0x00000036878fe6d0:   00000036878fe948 0000000000000000
0x00000036878fe6e0:   00000036878fe960 00000036878fe958 

Instructions: (pc=0x00007fff99162333)
0x00007fff99162233:   cb e8 47 aa 2e 00 48 8b c6 c7 83 98 03 00 00 04
0x00007fff99162243:   00 00 00 48 8b b4 24 c0 00 00 00 48 81 c4 d0 00
0x00007fff99162253:   00 00 5b c3 cc cc cc cc cc cc cc cc cc 48 89 5c
0x00007fff99162263:   24 08 48 89 6c 24 10 48 89 74 24 18 57 48 83 ec
0x00007fff99162273:   40 8b 81 88 00 00 00 48 8d 99 d8 fc ff ff 05 55
0x00007fff99162283:   21 ff ff 33 ff 48 8b f2 48 8b e9 83 f8 01 76 0a
0x00007fff99162293:   48 8b cb e8 e5 b2 39 00 8b df c7 83 98 03 00 00
0x00007fff991622a3:   05 00 00 00 e8 44 a5 27 00 48 8b 03 48 8b cb ff
0x00007fff991622b3:   50 38 84 c0 74 0e 48 8b 83 10 01 00 00 c0 e8 03
0x00007fff991622c3:   24 01 eb 0b 8b 05 43 a4 6f 00 85 c0 0f 95 c0 84
0x00007fff991622d3:   c0 75 0d 8b 83 e0 00 00 00 a9 04 00 00 20 74 08
0x00007fff991622e3:   48 8b cb e8 15 b9 39 00 c7 83 98 03 00 00 06 00
0x00007fff991622f3:   00 00 48 89 5c 24 20 48 89 7c 24 28 48 39 7b 08
0x00007fff99162303:   74 0a 48 8d 4c 24 20 e8 d1 45 2b 00 40 f6 c6 01
0x00007fff99162313:   74 0c 48 8d 4e ff ff 15 89 94 65 00 eb 09 48 8b
0x00007fff99162323:   ce ff 15 de 1c 65 00 40 38 3d b0 0c 6e 00 74 15
0x00007fff99162333:   8b 40 08 8b 0d e4 96 65 00 48 d3 e0 48 03 05 d2
0x00007fff99162343:   96 65 00 eb 04 48 8b 40 08 48 8b 48 70 48 85 c9
0x00007fff99162353:   74 09 ff 15 ad 1c 65 00 48 8b f8 48 8b d7 48 8b
0x00007fff99162363:   cd e8 d7 4d 03 00 48 83 7c 24 28 00 48 8b f0 74
0x00007fff99162373:   0a 48 8d 4c 24 20 e8 02 46 2b 00 48 8b bb f8 00
0x00007fff99162383:   00 00 48 8b 4f 10 48 83 39 00 74 0c 48 8b cf e8
0x00007fff99162393:   f9 23 f7 ff 48 8b 4f 10 48 8b 47 08 48 89 48 10
0x00007fff991623a3:   48 8b 4f 08 48 8b 47 18 48 89 41 18 48 8b 4f 08
0x00007fff991623b3:   48 8b 47 20 48 89 41 20 c7 83 98 03 00 00 07 00
0x00007fff991623c3:   00 00 e8 26 a4 27 00 48 8b 83 10 01 00 00 c0 e8
0x00007fff991623d3:   03 a8 01 74 08 48 8b cb e8 a0 a8 2e 00 48 8b 6c
0x00007fff991623e3:   24 58 48 8b c6 48 8b 74 24 60 c7 83 98 03 00 00
0x00007fff991623f3:   04 00 00 00 48 8b 5c 24 50 48 83 c4 40 5f c3 cc
0x00007fff99162403:   cc cc cc cc cc cc cc cc cc cc cc cc cc 48 89 5c
0x00007fff99162413:   24 08 48 89 6c 24 10 48 89 74 24 18 57 48 83 ec
0x00007fff99162423:   20 8b 81 88 00 00 00 48 8d 99 d8 fc ff ff 05 55 


Stack slot to memory mapping:
stack at sp + 0 slots: 0x00000036878fe978 is pointing into the stack for thread: 0x0000017fa6024c10
stack at sp + 1 slots: 0x0000017fa6024c10 is a thread
stack at sp + 2 slots: 0x00007fffc4afd110 sqljdbc_auth.dll
stack at sp + 3 slots: 0x00007fffc4afd110 sqljdbc_auth.dll
stack at sp + 4 slots: 0x0000017fa6024c10 is a thread
stack at sp + 5 slots: 0x0 is NULL
stack at sp + 6 slots: 0x0 is NULL
stack at sp + 7 slots: 0x0 is NULL


---------------  P R O C E S S  ---------------

Threads class SMR info:
_java_thread_list=0x0000017fc1f5e0c0, length=11, elements={
0x0000017fa6024c10, 0x0000017fc1597260, 0x0000017fc1597e30, 0x0000017fc1db9a20,
0x0000017fc1dba3e0, 0x0000017fc1dbb630, 0x0000017fc1dbc8c0, 0x0000017fc1e61fe0,
0x0000017fc1e76c90, 0x0000017fc1f77490, 0x0000017fc1f83d00
}

Java Threads: ( => current thread )
=>0x0000017fa6024c10 JavaThread "main" [_thread_in_vm, id=12784, stack(0x0000003687800000,0x0000003687900000)]
  0x0000017fc1597260 JavaThread "Reference Handler" daemon [_thread_blocked, id=5496, stack(0x0000003687f00000,0x0000003688000000)]
  0x0000017fc1597e30 JavaThread "Finalizer" daemon [_thread_blocked, id=16852, stack(0x0000003688000000,0x0000003688100000)]
  0x0000017fc1db9a20 JavaThread "Signal Dispatcher" daemon [_thread_blocked, id=13520, stack(0x0000003688100000,0x0000003688200000)]
  0x0000017fc1dba3e0 JavaThread "Attach Listener" daemon [_thread_blocked, id=12656, stack(0x0000003688200000,0x0000003688300000)]
  0x0000017fc1dbb630 JavaThread "Service Thread" daemon [_thread_blocked, id=15364, stack(0x0000003688300000,0x0000003688400000)]
  0x0000017fc1dbc8c0 JavaThread "C2 CompilerThread0" daemon [_thread_blocked, id=2848, stack(0x0000003688400000,0x0000003688500000)]
  0x0000017fc1e61fe0 JavaThread "C1 CompilerThread0" daemon [_thread_blocked, id=7500, stack(0x0000003688500000,0x0000003688600000)]
  0x0000017fc1e76c90 JavaThread "Sweeper thread" daemon [_thread_blocked, id=13748, stack(0x0000003688600000,0x0000003688700000)]
  0x0000017fc1f77490 JavaThread "Notification Thread" daemon [_thread_blocked, id=9676, stack(0x0000003688700000,0x0000003688800000)]
  0x0000017fc1f83d00 JavaThread "Common-Cleaner" daemon [_thread_blocked, id=17020, stack(0x0000003688900000,0x0000003688a00000)]

Other Threads:
  0x0000017fc1dac330 VMThread "VM Thread" [stack: 0x0000003687e00000,0x0000003687f00000] [id=11176]
  0x0000017fc1f79970 WatcherThread [stack: 0x0000003688800000,0x0000003688900000] [id=9940]
  0x0000017fa60632c0 GCTaskThread "GC Thread#0" [stack: 0x0000003687900000,0x0000003687a00000] [id=5528]
  0x0000017fc214a6e0 GCTaskThread "GC Thread#1" [stack: 0x0000003688a00000,0x0000003688b00000] [id=8860]
  0x0000017fa6073fd0 ConcurrentGCThread "G1 Main Marker" [stack: 0x0000003687a00000,0x0000003687b00000] [id=8660]
  0x0000017fa6075260 ConcurrentGCThread "G1 Conc#0" [stack: 0x0000003687b00000,0x0000003687c00000] [id=13816]
  0x0000017fa60ceb90 ConcurrentGCThread "G1 Refine#0" [stack: 0x0000003687c00000,0x0000003687d00000] [id=12692]
  0x0000017fc13b6e40 ConcurrentGCThread "G1 Young RemSet Sampling" [stack: 0x0000003687d00000,0x0000003687e00000] [id=15292]

Threads with active compile tasks:

VM state: not at safepoint (normal execution)

VM Mutex/Monitor currently owned by a thread: None

Heap address: 0x0000000081800000, size: 2024 MB, Compressed Oops mode: 32-bit
CDS disabled.
Compressed class space mapped at: 0x0000000100000000-0x0000000140000000, size: 1073741824
Narrow klass base: 0x0000000000000000, Narrow klass shift: 3, Narrow klass range: 0x140000000

GC Precious Log:
 CPUs: 2 total, 2 available
 Memory: 8091M
 Large Page Support: Disabled
 NUMA Support: Disabled
 Compressed Oops: Enabled (32-bit)
 Heap Region Size: 1M
 Heap Min Capacity: 8M
 Heap Initial Capacity: 128M
 Heap Max Capacity: 2024M
 Pre-touch: Disabled
 Parallel Workers: 2
 Concurrent Workers: 1
 Concurrent Refinement Workers: 2
 Periodic GC: Disabled

Heap:
 garbage-first heap   total 131072K, used 7230K [0x0000000081800000, 0x0000000100000000)
  region size 1024K, 6 young (6144K), 1 survivors (1024K)
 Metaspace       used 14950K, capacity 15141K, committed 15360K, reserved 1062912K
  class space    used 1426K, capacity 1487K, committed 1536K, reserved 1048576K

Heap Regions: E=young(eden), S=young(survivor), O=old, HS=humongous(starts), HC=humongous(continues), CS=collection set, F=free, OA=open archive, CA=closed archive, TAMS=top-at-mark-start (previous, next)
|   0|0x0000000081800000, 0x0000000081900000, 0x0000000081900000|100%| O|  |TAMS 0x0000000081800000, 0x0000000081800000| Untracked 
|   1|0x0000000081900000, 0x0000000081a00000, 0x0000000081a00000|100%| O|  |TAMS 0x0000000081900000, 0x0000000081900000| Untracked 
|   2|0x0000000081a00000, 0x0000000081a7f800, 0x0000000081b00000| 49%| O|  |TAMS 0x0000000081a00000, 0x0000000081a00000| Untracked 
|   3|0x0000000081b00000, 0x0000000081b00000, 0x0000000081c00000|  0%| F|  |TAMS 0x0000000081b00000, 0x0000000081b00000| Untracked 
|   4|0x0000000081c00000, 0x0000000081c00000, 0x0000000081d00000|  0%| F|  |TAMS 0x0000000081c00000, 0x0000000081c00000| Untracked 
|   5|0x0000000081d00000, 0x0000000081d00000, 0x0000000081e00000|  0%| F|  |TAMS 0x0000000081d00000, 0x0000000081d00000| Untracked 
|   6|0x0000000081e00000, 0x0000000081e00000, 0x0000000081f00000|  0%| F|  |TAMS 0x0000000081e00000, 0x0000000081e00000| Untracked 
|   7|0x0000000081f00000, 0x0000000081f00000, 0x0000000082000000|  0%| F|  |TAMS 0x0000000081f00000, 0x0000000081f00000| Untracked 
|   8|0x0000000082000000, 0x0000000082000000, 0x0000000082100000|  0%| F|  |TAMS 0x0000000082000000, 0x0000000082000000| Untracked 
|   9|0x0000000082100000, 0x0000000082100000, 0x0000000082200000|  0%| F|  |TAMS 0x0000000082100000, 0x0000000082100000| Untracked 
|  10|0x0000000082200000, 0x0000000082200000, 0x0000000082300000|  0%| F|  |TAMS 0x0000000082200000, 0x0000000082200000| Untracked 
|  11|0x0000000082300000, 0x0000000082300000, 0x0000000082400000|  0%| F|  |TAMS 0x0000000082300000, 0x0000000082300000| Untracked 
|  12|0x0000000082400000, 0x0000000082400000, 0x0000000082500000|  0%| F|  |TAMS 0x0000000082400000, 0x0000000082400000| Untracked 
|  13|0x0000000082500000, 0x0000000082500000, 0x0000000082600000|  0%| F|  |TAMS 0x0000000082500000, 0x0000000082500000| Untracked 
|  14|0x0000000082600000, 0x0000000082600000, 0x0000000082700000|  0%| F|  |TAMS 0x0000000082600000, 0x0000000082600000| Untracked 
|  15|0x0000000082700000, 0x0000000082700000, 0x0000000082800000|  0%| F|  |TAMS 0x0000000082700000, 0x0000000082700000| Untracked 
|  16|0x0000000082800000, 0x0000000082800000, 0x0000000082900000|  0%| F|  |TAMS 0x0000000082800000, 0x0000000082800000| Untracked 
|  17|0x0000000082900000, 0x0000000082900000, 0x0000000082a00000|  0%| F|  |TAMS 0x0000000082900000, 0x0000000082900000| Untracked 
|  18|0x0000000082a00000, 0x0000000082a00000, 0x0000000082b00000|  0%| F|  |TAMS 0x0000000082a00000, 0x0000000082a00000| Untracked 
|  19|0x0000000082b00000, 0x0000000082b00000, 0x0000000082c00000|  0%| F|  |TAMS 0x0000000082b00000, 0x0000000082b00000| Untracked 
|  20|0x0000000082c00000, 0x0000000082c00000, 0x0000000082d00000|  0%| F|  |TAMS 0x0000000082c00000, 0x0000000082c00000| Untracked 
|  21|0x0000000082d00000, 0x0000000082d00000, 0x0000000082e00000|  0%| F|  |TAMS 0x0000000082d00000, 0x0000000082d00000| Untracked 
|  22|0x0000000082e00000, 0x0000000082e00000, 0x0000000082f00000|  0%| F|  |TAMS 0x0000000082e00000, 0x0000000082e00000| Untracked 
|  23|0x0000000082f00000, 0x0000000082f00000, 0x0000000083000000|  0%| F|  |TAMS 0x0000000082f00000, 0x0000000082f00000| Untracked 
|  24|0x0000000083000000, 0x0000000083000000, 0x0000000083100000|  0%| F|  |TAMS 0x0000000083000000, 0x0000000083000000| Untracked 
|  25|0x0000000083100000, 0x0000000083100000, 0x0000000083200000|  0%| F|  |TAMS 0x0000000083100000, 0x0000000083100000| Untracked 
|  26|0x0000000083200000, 0x0000000083200000, 0x0000000083300000|  0%| F|  |TAMS 0x0000000083200000, 0x0000000083200000| Untracked 
|  27|0x0000000083300000, 0x0000000083300000, 0x0000000083400000|  0%| F|  |TAMS 0x0000000083300000, 0x0000000083300000| Untracked 
|  28|0x0000000083400000, 0x0000000083400000, 0x0000000083500000|  0%| F|  |TAMS 0x0000000083400000, 0x0000000083400000| Untracked 
|  29|0x0000000083500000, 0x0000000083500000, 0x0000000083600000|  0%| F|  |TAMS 0x0000000083500000, 0x0000000083500000| Untracked 
|  30|0x0000000083600000, 0x0000000083600000, 0x0000000083700000|  0%| F|  |TAMS 0x0000000083600000, 0x0000000083600000| Untracked 
|  31|0x0000000083700000, 0x0000000083700000, 0x0000000083800000|  0%| F|  |TAMS 0x0000000083700000, 0x0000000083700000| Untracked 
|  32|0x0000000083800000, 0x0000000083800000, 0x0000000083900000|  0%| F|  |TAMS 0x0000000083800000, 0x0000000083800000| Untracked 
|  33|0x0000000083900000, 0x0000000083900000, 0x0000000083a00000|  0%| F|  |TAMS 0x0000000083900000, 0x0000000083900000| Untracked 
|  34|0x0000000083a00000, 0x0000000083a00000, 0x0000000083b00000|  0%| F|  |TAMS 0x0000000083a00000, 0x0000000083a00000| Untracked 
|  35|0x0000000083b00000, 0x0000000083b00000, 0x0000000083c00000|  0%| F|  |TAMS 0x0000000083b00000, 0x0000000083b00000| Untracked 
|  36|0x0000000083c00000, 0x0000000083c00000, 0x0000000083d00000|  0%| F|  |TAMS 0x0000000083c00000, 0x0000000083c00000| Untracked 
|  37|0x0000000083d00000, 0x0000000083d00000, 0x0000000083e00000|  0%| F|  |TAMS 0x0000000083d00000, 0x0000000083d00000| Untracked 
|  38|0x0000000083e00000, 0x0000000083e00000, 0x0000000083f00000|  0%| F|  |TAMS 0x0000000083e00000, 0x0000000083e00000| Untracked 
|  39|0x0000000083f00000, 0x0000000083f00000, 0x0000000084000000|  0%| F|  |TAMS 0x0000000083f00000, 0x0000000083f00000| Untracked 
|  40|0x0000000084000000, 0x0000000084000000, 0x0000000084100000|  0%| F|  |TAMS 0x0000000084000000, 0x0000000084000000| Untracked 
|  41|0x0000000084100000, 0x0000000084100000, 0x0000000084200000|  0%| F|  |TAMS 0x0000000084100000, 0x0000000084100000| Untracked 
|  42|0x0000000084200000, 0x0000000084200000, 0x0000000084300000|  0%| F|  |TAMS 0x0000000084200000, 0x0000000084200000| Untracked 
|  43|0x0000000084300000, 0x0000000084300000, 0x0000000084400000|  0%| F|  |TAMS 0x0000000084300000, 0x0000000084300000| Untracked 
|  44|0x0000000084400000, 0x0000000084400000, 0x0000000084500000|  0%| F|  |TAMS 0x0000000084400000, 0x0000000084400000| Untracked 
|  45|0x0000000084500000, 0x0000000084500000, 0x0000000084600000|  0%| F|  |TAMS 0x0000000084500000, 0x0000000084500000| Untracked 
|  46|0x0000000084600000, 0x0000000084600000, 0x0000000084700000|  0%| F|  |TAMS 0x0000000084600000, 0x0000000084600000| Untracked 
|  47|0x0000000084700000, 0x0000000084700000, 0x0000000084800000|  0%| F|  |TAMS 0x0000000084700000, 0x0000000084700000| Untracked 
|  48|0x0000000084800000, 0x0000000084800000, 0x0000000084900000|  0%| F|  |TAMS 0x0000000084800000, 0x0000000084800000| Untracked 
|  49|0x0000000084900000, 0x0000000084900000, 0x0000000084a00000|  0%| F|  |TAMS 0x0000000084900000, 0x0000000084900000| Untracked 
|  50|0x0000000084a00000, 0x0000000084a00000, 0x0000000084b00000|  0%| F|  |TAMS 0x0000000084a00000, 0x0000000084a00000| Untracked 
|  51|0x0000000084b00000, 0x0000000084b00000, 0x0000000084c00000|  0%| F|  |TAMS 0x0000000084b00000, 0x0000000084b00000| Untracked 
|  52|0x0000000084c00000, 0x0000000084c00000, 0x0000000084d00000|  0%| F|  |TAMS 0x0000000084c00000, 0x0000000084c00000| Untracked 
|  53|0x0000000084d00000, 0x0000000084d00000, 0x0000000084e00000|  0%| F|  |TAMS 0x0000000084d00000, 0x0000000084d00000| Untracked 
|  54|0x0000000084e00000, 0x0000000084e00000, 0x0000000084f00000|  0%| F|  |TAMS 0x0000000084e00000, 0x0000000084e00000| Untracked 
|  55|0x0000000084f00000, 0x0000000084f00000, 0x0000000085000000|  0%| F|  |TAMS 0x0000000084f00000, 0x0000000084f00000| Untracked 
|  56|0x0000000085000000, 0x0000000085000000, 0x0000000085100000|  0%| F|  |TAMS 0x0000000085000000, 0x0000000085000000| Untracked 
|  57|0x0000000085100000, 0x0000000085100000, 0x0000000085200000|  0%| F|  |TAMS 0x0000000085100000, 0x0000000085100000| Untracked 
|  58|0x0000000085200000, 0x0000000085200000, 0x0000000085300000|  0%| F|  |TAMS 0x0000000085200000, 0x0000000085200000| Untracked 
|  59|0x0000000085300000, 0x0000000085300000, 0x0000000085400000|  0%| F|  |TAMS 0x0000000085300000, 0x0000000085300000| Untracked 
|  60|0x0000000085400000, 0x0000000085400000, 0x0000000085500000|  0%| F|  |TAMS 0x0000000085400000, 0x0000000085400000| Untracked 
|  61|0x0000000085500000, 0x0000000085500000, 0x0000000085600000|  0%| F|  |TAMS 0x0000000085500000, 0x0000000085500000| Untracked 
|  62|0x0000000085600000, 0x0000000085600000, 0x0000000085700000|  0%| F|  |TAMS 0x0000000085600000, 0x0000000085600000| Untracked 
|  63|0x0000000085700000, 0x0000000085700000, 0x0000000085800000|  0%| F|  |TAMS 0x0000000085700000, 0x0000000085700000| Untracked 
|  64|0x0000000085800000, 0x0000000085800000, 0x0000000085900000|  0%| F|  |TAMS 0x0000000085800000, 0x0000000085800000| Untracked 
|  65|0x0000000085900000, 0x0000000085900000, 0x0000000085a00000|  0%| F|  |TAMS 0x0000000085900000, 0x0000000085900000| Untracked 
|  66|0x0000000085a00000, 0x0000000085a00000, 0x0000000085b00000|  0%| F|  |TAMS 0x0000000085a00000, 0x0000000085a00000| Untracked 
|  67|0x0000000085b00000, 0x0000000085b00000, 0x0000000085c00000|  0%| F|  |TAMS 0x0000000085b00000, 0x0000000085b00000| Untracked 
|  68|0x0000000085c00000, 0x0000000085c00000, 0x0000000085d00000|  0%| F|  |TAMS 0x0000000085c00000, 0x0000000085c00000| Untracked 
|  69|0x0000000085d00000, 0x0000000085d00000, 0x0000000085e00000|  0%| F|  |TAMS 0x0000000085d00000, 0x0000000085d00000| Untracked 
|  70|0x0000000085e00000, 0x0000000085e00000, 0x0000000085f00000|  0%| F|  |TAMS 0x0000000085e00000, 0x0000000085e00000| Untracked 
|  71|0x0000000085f00000, 0x0000000085f00000, 0x0000000086000000|  0%| F|  |TAMS 0x0000000085f00000, 0x0000000085f00000| Untracked 
|  72|0x0000000086000000, 0x0000000086000000, 0x0000000086100000|  0%| F|  |TAMS 0x0000000086000000, 0x0000000086000000| Untracked 
|  73|0x0000000086100000, 0x0000000086100000, 0x0000000086200000|  0%| F|  |TAMS 0x0000000086100000, 0x0000000086100000| Untracked 
|  74|0x0000000086200000, 0x0000000086200000, 0x0000000086300000|  0%| F|  |TAMS 0x0000000086200000, 0x0000000086200000| Untracked 
|  75|0x0000000086300000, 0x0000000086300000, 0x0000000086400000|  0%| F|  |TAMS 0x0000000086300000, 0x0000000086300000| Untracked 
|  76|0x0000000086400000, 0x0000000086400000, 0x0000000086500000|  0%| F|  |TAMS 0x0000000086400000, 0x0000000086400000| Untracked 
|  77|0x0000000086500000, 0x0000000086500000, 0x0000000086600000|  0%| F|  |TAMS 0x0000000086500000, 0x0000000086500000| Untracked 
|  78|0x0000000086600000, 0x0000000086600000, 0x0000000086700000|  0%| F|  |TAMS 0x0000000086600000, 0x0000000086600000| Untracked 
|  79|0x0000000086700000, 0x0000000086700000, 0x0000000086800000|  0%| F|  |TAMS 0x0000000086700000, 0x0000000086700000| Untracked 
|  80|0x0000000086800000, 0x0000000086800000, 0x0000000086900000|  0%| F|  |TAMS 0x0000000086800000, 0x0000000086800000| Untracked 
|  81|0x0000000086900000, 0x0000000086900000, 0x0000000086a00000|  0%| F|  |TAMS 0x0000000086900000, 0x0000000086900000| Untracked 
|  82|0x0000000086a00000, 0x0000000086a00000, 0x0000000086b00000|  0%| F|  |TAMS 0x0000000086a00000, 0x0000000086a00000| Untracked 
|  83|0x0000000086b00000, 0x0000000086b00000, 0x0000000086c00000|  0%| F|  |TAMS 0x0000000086b00000, 0x0000000086b00000| Untracked 
|  84|0x0000000086c00000, 0x0000000086c00000, 0x0000000086d00000|  0%| F|  |TAMS 0x0000000086c00000, 0x0000000086c00000| Untracked 
|  85|0x0000000086d00000, 0x0000000086d00000, 0x0000000086e00000|  0%| F|  |TAMS 0x0000000086d00000, 0x0000000086d00000| Untracked 
|  86|0x0000000086e00000, 0x0000000086e00000, 0x0000000086f00000|  0%| F|  |TAMS 0x0000000086e00000, 0x0000000086e00000| Untracked 
|  87|0x0000000086f00000, 0x0000000086f00000, 0x0000000087000000|  0%| F|  |TAMS 0x0000000086f00000, 0x0000000086f00000| Untracked 
|  88|0x0000000087000000, 0x0000000087000000, 0x0000000087100000|  0%| F|  |TAMS 0x0000000087000000, 0x0000000087000000| Untracked 
|  89|0x0000000087100000, 0x0000000087100000, 0x0000000087200000|  0%| F|  |TAMS 0x0000000087100000, 0x0000000087100000| Untracked 
|  90|0x0000000087200000, 0x0000000087200000, 0x0000000087300000|  0%| F|  |TAMS 0x0000000087200000, 0x0000000087200000| Untracked 
|  91|0x0000000087300000, 0x0000000087300000, 0x0000000087400000|  0%| F|  |TAMS 0x0000000087300000, 0x0000000087300000| Untracked 
|  92|0x0000000087400000, 0x0000000087400000, 0x0000000087500000|  0%| F|  |TAMS 0x0000000087400000, 0x0000000087400000| Untracked 
|  93|0x0000000087500000, 0x0000000087500000, 0x0000000087600000|  0%| F|  |TAMS 0x0000000087500000, 0x0000000087500000| Untracked 
|  94|0x0000000087600000, 0x0000000087600000, 0x0000000087700000|  0%| F|  |TAMS 0x0000000087600000, 0x0000000087600000| Untracked 
|  95|0x0000000087700000, 0x0000000087700000, 0x0000000087800000|  0%| F|  |TAMS 0x0000000087700000, 0x0000000087700000| Untracked 
|  96|0x0000000087800000, 0x0000000087800000, 0x0000000087900000|  0%| F|  |TAMS 0x0000000087800000, 0x0000000087800000| Untracked 
|  97|0x0000000087900000, 0x0000000087900000, 0x0000000087a00000|  0%| F|  |TAMS 0x0000000087900000, 0x0000000087900000| Untracked 
|  98|0x0000000087a00000, 0x0000000087a00000, 0x0000000087b00000|  0%| F|  |TAMS 0x0000000087a00000, 0x0000000087a00000| Untracked 
|  99|0x0000000087b00000, 0x0000000087b00000, 0x0000000087c00000|  0%| F|  |TAMS 0x0000000087b00000, 0x0000000087b00000| Untracked 
| 100|0x0000000087c00000, 0x0000000087c00000, 0x0000000087d00000|  0%| F|  |TAMS 0x0000000087c00000, 0x0000000087c00000| Untracked 
| 101|0x0000000087d00000, 0x0000000087d00000, 0x0000000087e00000|  0%| F|  |TAMS 0x0000000087d00000, 0x0000000087d00000| Untracked 
| 102|0x0000000087e00000, 0x0000000087e00000, 0x0000000087f00000|  0%| F|  |TAMS 0x0000000087e00000, 0x0000000087e00000| Untracked 
| 103|0x0000000087f00000, 0x0000000087f00000, 0x0000000088000000|  0%| F|  |TAMS 0x0000000087f00000, 0x0000000087f00000| Untracked 
| 104|0x0000000088000000, 0x0000000088000000, 0x0000000088100000|  0%| F|  |TAMS 0x0000000088000000, 0x0000000088000000| Untracked 
| 105|0x0000000088100000, 0x0000000088100000, 0x0000000088200000|  0%| F|  |TAMS 0x0000000088100000, 0x0000000088100000| Untracked 
| 106|0x0000000088200000, 0x0000000088200000, 0x0000000088300000|  0%| F|  |TAMS 0x0000000088200000, 0x0000000088200000| Untracked 
| 107|0x0000000088300000, 0x0000000088300000, 0x0000000088400000|  0%| F|  |TAMS 0x0000000088300000, 0x0000000088300000| Untracked 
| 108|0x0000000088400000, 0x0000000088400000, 0x0000000088500000|  0%| F|  |TAMS 0x0000000088400000, 0x0000000088400000| Untracked 
| 109|0x0000000088500000, 0x0000000088500000, 0x0000000088600000|  0%| F|  |TAMS 0x0000000088500000, 0x0000000088500000| Untracked 
| 110|0x0000000088600000, 0x0000000088600000, 0x0000000088700000|  0%| F|  |TAMS 0x0000000088600000, 0x0000000088600000| Untracked 
| 111|0x0000000088700000, 0x0000000088700000, 0x0000000088800000|  0%| F|  |TAMS 0x0000000088700000, 0x0000000088700000| Untracked 
| 112|0x0000000088800000, 0x0000000088800000, 0x0000000088900000|  0%| F|  |TAMS 0x0000000088800000, 0x0000000088800000| Untracked 
| 113|0x0000000088900000, 0x0000000088900000, 0x0000000088a00000|  0%| F|  |TAMS 0x0000000088900000, 0x0000000088900000| Untracked 
| 114|0x0000000088a00000, 0x0000000088a00000, 0x0000000088b00000|  0%| F|  |TAMS 0x0000000088a00000, 0x0000000088a00000| Untracked 
| 115|0x0000000088b00000, 0x0000000088b00000, 0x0000000088c00000|  0%| F|  |TAMS 0x0000000088b00000, 0x0000000088b00000| Untracked 
| 116|0x0000000088c00000, 0x0000000088c00000, 0x0000000088d00000|  0%| F|  |TAMS 0x0000000088c00000, 0x0000000088c00000| Untracked 
| 117|0x0000000088d00000, 0x0000000088d00000, 0x0000000088e00000|  0%| F|  |TAMS 0x0000000088d00000, 0x0000000088d00000| Untracked 
| 118|0x0000000088e00000, 0x0000000088e00000, 0x0000000088f00000|  0%| F|  |TAMS 0x0000000088e00000, 0x0000000088e00000| Untracked 
| 119|0x0000000088f00000, 0x0000000088f00000, 0x0000000089000000|  0%| F|  |TAMS 0x0000000088f00000, 0x0000000088f00000| Untracked 
| 120|0x0000000089000000, 0x0000000089000000, 0x0000000089100000|  0%| F|  |TAMS 0x0000000089000000, 0x0000000089000000| Untracked 
| 121|0x0000000089100000, 0x0000000089100000, 0x0000000089200000|  0%| F|  |TAMS 0x0000000089100000, 0x0000000089100000| Untracked 
| 122|0x0000000089200000, 0x0000000089290240, 0x0000000089300000| 56%| S|CS|TAMS 0x0000000089200000, 0x0000000089200000| Complete 
| 123|0x0000000089300000, 0x000000008935df90, 0x0000000089400000| 36%| E|  |TAMS 0x0000000089300000, 0x0000000089300000| Complete 
| 124|0x0000000089400000, 0x0000000089500000, 0x0000000089500000|100%| E|CS|TAMS 0x0000000089400000, 0x0000000089400000| Complete 
| 125|0x0000000089500000, 0x0000000089600000, 0x0000000089600000|100%| E|CS|TAMS 0x0000000089500000, 0x0000000089500000| Complete 
| 126|0x0000000089600000, 0x0000000089700000, 0x0000000089700000|100%| E|CS|TAMS 0x0000000089600000, 0x0000000089600000| Complete 
| 127|0x0000000089700000, 0x0000000089800000, 0x0000000089800000|100%| E|CS|TAMS 0x0000000089700000, 0x0000000089700000| Complete 

Card table byte_map: [0x0000017fba9f0000,0x0000017fbadf0000] _byte_map_base: 0x0000017fba5e4000

Marking Bits (Prev, Next): (CMBitMap*) 0x0000017fa6063870, (CMBitMap*) 0x0000017fa60638b0
 Prev Bits: [0x0000017fbb1f0000, 0x0000017fbd190000)
 Next Bits: [0x0000017fbd190000, 0x0000017fbf130000)

Polling page: 0x0000017fa60d0000

Metaspace:

Usage:
  Non-class:     13.33 MB capacity,    13.21 MB (>99%) used,   117.00 KB ( <1%) free+waste,    13.00 KB ( <1%) overhead. 
      Class:      1.45 MB capacity,     1.39 MB ( 96%) used,    55.98 KB (  4%) free+waste,     4.38 KB ( <1%) overhead. 
       Both:     14.79 MB capacity,    14.60 MB ( 99%) used,   172.98 KB (  1%) free+waste,    17.38 KB ( <1%) overhead. 

Virtual space:
  Non-class space:       14.00 MB reserved,      13.50 MB ( 96%) committed 
      Class space:        1.00 GB reserved,       1.50 MB ( <1%) committed 
             Both:        1.01 GB reserved,      15.00 MB (  1%) committed 

Chunk freelists:
   Non-Class:  42.00 KB
       Class:  17.00 KB
        Both:  59.00 KB

MaxMetaspaceSize: 17179869184.00 GB
CompressedClassSpaceSize: 1.00 GB

CodeHeap 'non-profiled nmethods': size=120064Kb used=341Kb max_used=341Kb free=119722Kb
 bounds [0x0000017fb2ca0000, 0x0000017fb2f10000, 0x0000017fba1e0000]
CodeHeap 'profiled nmethods': size=120000Kb used=1652Kb max_used=1652Kb free=118347Kb
 bounds [0x0000017fab770000, 0x0000017fab9e0000, 0x0000017fb2ca0000]
CodeHeap 'non-nmethods': size=5696Kb used=1185Kb max_used=1200Kb free=4510Kb
 bounds [0x0000017fab1e0000, 0x0000017fab450000, 0x0000017fab770000]
 total_blobs=1449 nmethods=1003 adapters=360
 compilation: enabled
              stopped_count=0, restarted_count=0
 full_count=0

Compilation events (20 events):
Event: 1.031 Thread 0x0000017fc1e61fe0 nmethod 1002 0x0000017fab90c910 code [0x0000017fab90cac0, 0x0000017fab90ce18]
Event: 1.033 Thread 0x0000017fc1e61fe0 1003       2       java.util.LinkedHashMap$LinkedEntryIterator::next (5 bytes)
Event: 1.033 Thread 0x0000017fc1e61fe0 nmethod 1003 0x0000017fab90cf10 code [0x0000017fab90d0a0, 0x0000017fab90d1a8]
Event: 1.033 Thread 0x0000017fc1dbc8c0 nmethod 989 0x0000017fb2cf2a90 code [0x0000017fb2cf2c20, 0x0000017fb2cf3748]
Event: 1.033 Thread 0x0000017fc1dbc8c0  981       4       sun.security.util.math.intpoly.IntegerPolynomial$MutableElement::setValue (33 bytes)
Event: 1.034 Thread 0x0000017fc1dbc8c0 nmethod 981 0x0000017fb2cf3890 code [0x0000017fb2cf3a20, 0x0000017fb2cf3b58]
Event: 1.034 Thread 0x0000017fc1dbc8c0  988       4       sun.security.util.math.intpoly.IntegerPolynomial$MutableElement::setValue (6 bytes)
Event: 1.035 Thread 0x0000017fc1dbc8c0 nmethod 988 0x0000017fb2cf3c90 code [0x0000017fb2cf3e20, 0x0000017fb2cf3f58]
Event: 1.035 Thread 0x0000017fc1dbc8c0  965       4       sun.security.util.math.intpoly.IntegerPolynomialP384::carryReduce (591 bytes)
Event: 1.037 Thread 0x0000017fc1dbc8c0 nmethod 965 0x0000017fb2cf4090 code [0x0000017fb2cf4200, 0x0000017fb2cf45b8]
Event: 1.037 Thread 0x0000017fc1dbc8c0  993       4       sun.security.util.math.intpoly.IntegerPolynomial$MutableElement::setProduct (6 bytes)
Event: 1.038 Thread 0x0000017fc1dbc8c0 nmethod 993 0x0000017fb2cf4710 code [0x0000017fb2cf48a0, 0x0000017fb2cf49c8]
Event: 1.038 Thread 0x0000017fc1dbc8c0  994       4       sun.security.provider.MD5::FF (33 bytes)
Event: 1.039 Thread 0x0000017fc1dbc8c0 nmethod 994 0x0000017fb2cf4b10 code [0x0000017fb2cf4c80, 0x0000017fb2cf4cf8]
Event: 1.039 Thread 0x0000017fc1dbc8c0  995       4       sun.security.provider.MD5::GG (33 bytes)
Event: 1.039 Thread 0x0000017fc1dbc8c0 nmethod 995 0x0000017fb2cf4e10 code [0x0000017fb2cf4f80, 0x0000017fb2cf4ff8]
Event: 1.039 Thread 0x0000017fc1dbc8c0  996       4       sun.security.provider.MD5::HH (29 bytes)
Event: 1.039 Thread 0x0000017fc1dbc8c0 nmethod 996 0x0000017fb2cf5110 code [0x0000017fb2cf5280, 0x0000017fb2cf52f8]
Event: 1.039 Thread 0x0000017fc1dbc8c0  997       4       sun.security.provider.MD5::II (31 bytes)
Event: 1.039 Thread 0x0000017fc1dbc8c0 nmethod 997 0x0000017fb2cf5410 code [0x0000017fb2cf5580, 0x0000017fb2cf55f8]

GC Heap History (4 events):
Event: 0.586 GC heap before
{Heap before GC invocations=0 (full 0):
 garbage-first heap   total 131072K, used 5120K [0x0000000081800000, 0x0000000100000000)
  region size 1024K, 6 young (6144K), 0 survivors (0K)
 Metaspace       used 9819K, capacity 9962K, committed 10240K, reserved 1058816K
  class space    used 858K, capacity 935K, committed 1024K, reserved 1048576K
}
Event: 0.590 GC heap after
{Heap after GC invocations=1 (full 0):
 garbage-first heap   total 131072K, used 2362K [0x0000000081800000, 0x0000000100000000)
  region size 1024K, 1 young (1024K), 1 survivors (1024K)
 Metaspace       used 9819K, capacity 9962K, committed 10240K, reserved 1058816K
  class space    used 858K, capacity 935K, committed 1024K, reserved 1048576K
}
Event: 0.844 GC heap before
{Heap before GC invocations=1 (full 0):
 garbage-first heap   total 131072K, used 7482K [0x0000000081800000, 0x0000000100000000)
  region size 1024K, 6 young (6144K), 1 survivors (1024K)
 Metaspace       used 12201K, capacity 12383K, committed 12544K, reserved 1060864K
  class space    used 1102K, capacity 1165K, committed 1280K, reserved 1048576K
}
Event: 0.847 GC heap after
{Heap after GC invocations=2 (full 0):
 garbage-first heap   total 131072K, used 3134K [0x0000000081800000, 0x0000000100000000)
  region size 1024K, 1 young (1024K), 1 survivors (1024K)
 Metaspace       used 12201K, capacity 12383K, committed 12544K, reserved 1060864K
  class space    used 1102K, capacity 1165K, committed 1280K, reserved 1048576K
}

Deoptimization events (20 events):
Event: 0.904 Thread 0x0000017fa6024c10 Uncommon trap: trap_request=0xffffff45 fr.pc=0x0000017fb2ce1d68 relative=0x0000000000000228
Event: 0.904 Thread 0x0000017fa6024c10 Uncommon trap: reason=unstable_if action=reinterpret pc=0x0000017fb2ce1d68 method=java.util.regex.Pattern$SliceI.match(Ljava/util/regex/Matcher;ILjava/lang/CharSequence;)Z @ 29 c2
Event: 0.904 Thread 0x0000017fa6024c10 DEOPT PACKING pc=0x0000017fb2ce1d68 sp=0x00000036878fe230
Event: 0.904 Thread 0x0000017fa6024c10 DEOPT UNPACKING pc=0x0000017fab22e129 sp=0x00000036878fe1c8 mode 2
Event: 0.906 Thread 0x0000017fa6024c10 DEOPT PACKING pc=0x0000017fab87ff30 sp=0x00000036878fe7f0
Event: 0.906 Thread 0x0000017fa6024c10 DEOPT UNPACKING pc=0x0000017fab22df30 sp=0x00000036878fdca8 mode 0
Event: 0.906 Thread 0x0000017fa6024c10 DEOPT PACKING pc=0x0000017fab87ff30 sp=0x00000036878fe7f0
Event: 0.906 Thread 0x0000017fa6024c10 DEOPT UNPACKING pc=0x0000017fab22df30 sp=0x00000036878fdca8 mode 0
Event: 0.907 Thread 0x0000017fa6024c10 DEOPT PACKING pc=0x0000017fab87ff30 sp=0x00000036878fe7f0
Event: 0.907 Thread 0x0000017fa6024c10 DEOPT UNPACKING pc=0x0000017fab22df30 sp=0x00000036878fdca8 mode 0
Event: 0.907 Thread 0x0000017fa6024c10 DEOPT PACKING pc=0x0000017fab87ff30 sp=0x00000036878fe850
Event: 0.907 Thread 0x0000017fa6024c10 DEOPT UNPACKING pc=0x0000017fab22df30 sp=0x00000036878fdd08 mode 0
Event: 0.907 Thread 0x0000017fa6024c10 DEOPT PACKING pc=0x0000017fab87ff30 sp=0x00000036878fe850
Event: 0.907 Thread 0x0000017fa6024c10 DEOPT UNPACKING pc=0x0000017fab22df30 sp=0x00000036878fdd08 mode 0
Event: 0.908 Thread 0x0000017fa6024c10 DEOPT PACKING pc=0x0000017fab87ff30 sp=0x00000036878fe850
Event: 0.908 Thread 0x0000017fa6024c10 DEOPT UNPACKING pc=0x0000017fab22df30 sp=0x00000036878fdd08 mode 0
Event: 0.911 Thread 0x0000017fa6024c10 DEOPT PACKING pc=0x0000017fab87ff30 sp=0x00000036878fe7f0
Event: 0.911 Thread 0x0000017fa6024c10 DEOPT UNPACKING pc=0x0000017fab22df30 sp=0x00000036878fdca8 mode 0
Event: 0.912 Thread 0x0000017fa6024c10 DEOPT PACKING pc=0x0000017fab87ff30 sp=0x00000036878fe7f0
Event: 0.912 Thread 0x0000017fa6024c10 DEOPT UNPACKING pc=0x0000017fab22df30 sp=0x00000036878fdca8 mode 0

Classes unloaded (0 events):
No events

Classes redefined (0 events):
No events

Internal exceptions (12 events):
Event: 0.342 Thread 0x0000017fa6024c10 Exception <a 'java/lang/NoSuchMethodError'{0x00000000895809f0}: 'void java.lang.invoke.DirectMethodHandle$Holder.invokeStatic(java.lang.Object, java.lang.Object)'> (0x00000000895809f0) 
thrown [./open/src/hotspot/share/interpreter/linkResolver.cpp, line 782]
Event: 0.343 Thread 0x0000017fa6024c10 Exception <a 'java/lang/NoSuchMethodError'{0x00000000895849f0}: 'void java.lang.invoke.DirectMethodHandle$Holder.invokeStaticInit(java.lang.Object, java.lang.Object)'> (0x00000000895849f0) 
thrown [./open/src/hotspot/share/interpreter/linkResolver.cpp, line 782]
Event: 0.475 Thread 0x0000017fa6024c10 Exception <a 'java/lang/NoSuchMethodError'{0x0000000089338410}: 'java.lang.Object java.lang.invoke.DirectMethodHandle$Holder.invokeStatic(java.lang.Object)'> (0x0000000089338410) 
thrown [./open/src/hotspot/share/interpreter/linkResolver.cpp, line 782]
Event: 0.477 Thread 0x0000017fa6024c10 Exception <a 'java/lang/NoSuchMethodError'{0x000000008933ba80}: 'java.lang.Object java.lang.invoke.DirectMethodHandle$Holder.invokeStaticInit(java.lang.Object)'> (0x000000008933ba80) 
thrown [./open/src/hotspot/share/interpreter/linkResolver.cpp, line 782]
Event: 0.488 Thread 0x0000017fa6024c10 Exception <a 'java/lang/NoSuchMethodError'{0x0000000089343da8}: 'void java.lang.invoke.DirectMethodHandle$Holder.invokeSpecial(java.lang.Object, java.lang.Object, java.lang.Object)'> (0x0000000089343da8) 
thrown [./open/src/hotspot/share/interpreter/linkResolver.cpp, line 782]
Event: 0.492 Thread 0x0000017fa6024c10 Exception <a 'java/lang/NoSuchMethodError'{0x000000008934ddb8}: 'java.lang.Object java.lang.invoke.DirectMethodHandle$Holder.invokeInterface(java.lang.Object, java.lang.Object)'> (0x000000008934ddb8) 
thrown [./open/src/hotspot/share/interpreter/linkResolver.cpp, line 782]
Event: 0.682 Thread 0x0000017fa6024c10 Exception <a 'java/lang/NoSuchMethodError'{0x0000000089635818}: 'java.lang.Object java.lang.invoke.DirectMethodHandle$Holder.invokeStaticInit(java.lang.Object, int, int, int, int)'> (0x0000000089635818) 
thrown [./open/src/hotspot/share/interpreter/linkResolver.cpp, line 782]
Event: 0.684 Thread 0x0000017fa6024c10 Exception <a 'sun/nio/fs/WindowsException'{0x000000008963caa8}> (0x000000008963caa8) 
thrown [./open/src/hotspot/share/prims/jni.cpp, line 578]
Event: 0.701 Thread 0x0000017fa6024c10 Exception <a 'java/lang/NoSuchMethodError'{0x000000008966d088}: 'int java.lang.invoke.DirectMethodHandle$Holder.invokeStaticInit(java.lang.Object, java.lang.Object, java.lang.Object, java.lang.Object)'> (0x000000008966d088) 
thrown [./open/src/hotspot/share/interpreter/linkResolver.cpp, line 782]
Event: 0.706 Thread 0x0000017fa6024c10 Exception <a 'java/lang/IncompatibleClassChangeError'{0x00000000896777e0}: Found class java.lang.Object, but interface was expected> (0x00000000896777e0) 
thrown [./open/src/hotspot/share/interpreter/linkResolver.cpp, line 848]
Event: 0.708 Thread 0x0000017fa6024c10 Exception <a 'java/lang/NoSuchMethodError'{0x000000008967daf0}: 'int java.lang.invoke.DirectMethodHandle$Holder.invokeStaticInit(java.lang.Object, java.lang.Object)'> (0x000000008967daf0) 
thrown [./open/src/hotspot/share/interpreter/linkResolver.cpp, line 782]
Event: 0.849 Thread 0x0000017fa6024c10 Exception <a 'java/lang/NoSuchMethodError'{0x0000000089718188}: 'java.lang.Object java.lang.invoke.DirectMethodHandle$Holder.invokeStaticInit(java.lang.Object, java.lang.Object, int, int, int, int)'> (0x0000000089718188) 
thrown [./open/src/hotspot/share/interpreter/linkResolver.cpp, line 782]

Events (20 events):
Event: 1.024 loading class javax/crypto/Mac done
Event: 1.024 loading class com/sun/crypto/provider/HmacSHA1
Event: 1.024 loading class com/sun/crypto/provider/HmacCore
Event: 1.024 loading class javax/crypto/MacSpi
Event: 1.024 loading class javax/crypto/MacSpi done
Event: 1.024 loading class com/sun/crypto/provider/HmacCore done
Event: 1.024 loading class com/sun/crypto/provider/HmacSHA1 done
Event: 1.024 loading class sun/security/ssl/SSLCipher$T10BlockWriteCipherGenerator$BlockWriteCipher
Event: 1.025 loading class sun/security/ssl/SSLCipher$T10BlockWriteCipherGenerator$BlockWriteCipher done
Event: 1.029 loading class sun/security/ssl/SSLCipher$T10BlockReadCipherGenerator$BlockReadCipher
Event: 1.030 loading class sun/security/ssl/SSLCipher$T10BlockReadCipherGenerator$BlockReadCipher done
Event: 1.030 loading class java/lang/StrictMath
Event: 1.031 loading class java/lang/StrictMath done
Event: 1.031 loading class jdk/internal/event/TLSHandshakeEvent
Event: 1.031 loading class jdk/internal/event/TLSHandshakeEvent done
Event: 1.031 loading class javax/net/ssl/SSLEngineResult$HandshakeStatus
Event: 1.031 loading class javax/net/ssl/SSLEngineResult$HandshakeStatus done
Event: 1.038 Loaded shared library C:\Windows\System32\sqljdbc_auth.dll
Event: 1.054 loading class java/net/InetAddress$CachedLocalHost
Event: 1.054 loading class java/net/InetAddress$CachedLocalHost done


Dynamic libraries:
0x00007ff64b590000 - 0x00007ff64b59d000 	D:\automation\asdf\eclipse-java-2020-12-R-win32-x86_64\eclipse\plugins\org.eclipse.justj.openjdk.hotspot.jre.full.win32.x86_64_15.0.1.v20201027-0507\jre\bin\javaw.exe
0x00007fffe94b0000 - 0x00007fffe96a5000 	C:\WINDOWS\SYSTEM32\ntdll.dll
0x00007fffe9190000 - 0x00007fffe924d000 	C:\WINDOWS\System32\KERNEL32.dll
0x00007fffe6860000 - 0x00007fffe6979000 	C:\Windows\system32\hmpalert.dll
0x00007fffe6f80000 - 0x00007fffe7249000 	C:\WINDOWS\System32\KERNELBASE.dll
0x00007fffe6d40000 - 0x00007fffe6e40000 	C:\WINDOWS\System32\ucrtbase.dll
0x00007fffdb8c0000 - 0x00007fffdb8d8000 	D:\automation\asdf\eclipse-java-2020-12-R-win32-x86_64\eclipse\plugins\org.eclipse.justj.openjdk.hotspot.jre.full.win32.x86_64_15.0.1.v20201027-0507\jre\bin\jli.dll
0x00007fffe85a0000 - 0x00007fffe8740000 	C:\WINDOWS\System32\USER32.dll
0x00007fffe7360000 - 0x00007fffe7382000 	C:\WINDOWS\System32\win32u.dll
0x00007fffe84a0000 - 0x00007fffe84ca000 	C:\WINDOWS\System32\GDI32.dll
0x00007fffe7250000 - 0x00007fffe735b000 	C:\WINDOWS\System32\gdi32full.dll
0x00007fffe7390000 - 0x00007fffe742d000 	C:\WINDOWS\System32\msvcp_win.dll
0x00007fffd8fa0000 - 0x00007fffd923a000 	C:\WINDOWS\WinSxS\amd64_microsoft.windows.common-controls_6595b64144ccf1df_6.0.19041.1110_none_60b5254171f9507e\COMCTL32.dll
0x00007fffe8990000 - 0x00007fffe8a2e000 	C:\WINDOWS\System32\msvcrt.dll
0x00007fffdb5a0000 - 0x00007fffdb5b9000 	D:\automation\asdf\eclipse-java-2020-12-R-win32-x86_64\eclipse\plugins\org.eclipse.justj.openjdk.hotspot.jre.full.win32.x86_64_15.0.1.v20201027-0507\jre\bin\VCRUNTIME140.dll
0x00007fffe8470000 - 0x00007fffe84a0000 	C:\WINDOWS\System32\IMM32.DLL
0x00007fffdb2c0000 - 0x00007fffdb2cc000 	D:\automation\asdf\eclipse-java-2020-12-R-win32-x86_64\eclipse\plugins\org.eclipse.justj.openjdk.hotspot.jre.full.win32.x86_64_15.0.1.v20201027-0507\jre\bin\vcruntime140_1.dll
0x00007fffc4ca0000 - 0x00007fffc4d31000 	D:\automation\asdf\eclipse-java-2020-12-R-win32-x86_64\eclipse\plugins\org.eclipse.justj.openjdk.hotspot.jre.full.win32.x86_64_15.0.1.v20201027-0507\jre\bin\msvcp140.dll
0x00007fff98dc0000 - 0x00007fff9991e000 	D:\automation\asdf\eclipse-java-2020-12-R-win32-x86_64\eclipse\plugins\org.eclipse.justj.openjdk.hotspot.jre.full.win32.x86_64_15.0.1.v20201027-0507\jre\bin\server\jvm.dll
0x00007fffe92f0000 - 0x00007fffe939c000 	C:\WINDOWS\System32\ADVAPI32.dll
0x00007fffe9250000 - 0x00007fffe92eb000 	C:\WINDOWS\System32\sechost.dll
0x00007fffe75f0000 - 0x00007fffe771a000 	C:\WINDOWS\System32\RPCRT4.dll
0x00007fffe7780000 - 0x00007fffe7788000 	C:\WINDOWS\System32\PSAPI.DLL
0x00007fffd6850000 - 0x00007fffd6859000 	C:\WINDOWS\SYSTEM32\WSOCK32.dll
0x00007fffe8740000 - 0x00007fffe87ab000 	C:\WINDOWS\System32\WS2_32.dll
0x00007fffd6980000 - 0x00007fffd69a7000 	C:\WINDOWS\SYSTEM32\WINMM.dll
0x00007fffe0760000 - 0x00007fffe076a000 	C:\WINDOWS\SYSTEM32\VERSION.dll
0x00007fffe49f0000 - 0x00007fffe4a02000 	C:\WINDOWS\SYSTEM32\kernel.appcore.dll
0x00007fffe2a30000 - 0x00007fffe2a3a000 	D:\automation\asdf\eclipse-java-2020-12-R-win32-x86_64\eclipse\plugins\org.eclipse.justj.openjdk.hotspot.jre.full.win32.x86_64_15.0.1.v20201027-0507\jre\bin\jimage.dll
0x00007fffd7670000 - 0x00007fffd7854000 	C:\WINDOWS\SYSTEM32\DBGHELP.DLL
0x00007fffd7640000 - 0x00007fffd766c000 	C:\WINDOWS\SYSTEM32\dbgcore.DLL
0x00007fffe6ea0000 - 0x00007fffe6f23000 	C:\WINDOWS\System32\bcryptPrimitives.dll
0x00007fffdc2b0000 - 0x00007fffdc2d5000 	D:\automation\asdf\eclipse-java-2020-12-R-win32-x86_64\eclipse\plugins\org.eclipse.justj.openjdk.hotspot.jre.full.win32.x86_64_15.0.1.v20201027-0507\jre\bin\java.dll
0x00007fffe29c0000 - 0x00007fffe29d8000 	D:\automation\asdf\eclipse-java-2020-12-R-win32-x86_64\eclipse\plugins\org.eclipse.justj.openjdk.hotspot.jre.full.win32.x86_64_15.0.1.v20201027-0507\jre\bin\zip.dll
0x00007fffe7d30000 - 0x00007fffe846f000 	C:\WINDOWS\System32\SHELL32.dll
0x00007fffe4bf0000 - 0x00007fffe5380000 	C:\WINDOWS\SYSTEM32\windows.storage.dll
0x00007fffe7910000 - 0x00007fffe7c65000 	C:\WINDOWS\System32\combase.dll
0x00007fffe64b0000 - 0x00007fffe64dc000 	C:\WINDOWS\SYSTEM32\Wldp.dll
0x00007fffe93c0000 - 0x00007fffe946e000 	C:\WINDOWS\System32\SHCORE.dll
0x00007fffe84d0000 - 0x00007fffe8525000 	C:\WINDOWS\System32\shlwapi.dll
0x00007fffe6b20000 - 0x00007fffe6b3f000 	C:\WINDOWS\SYSTEM32\profapi.dll
0x00007fffdbaa0000 - 0x00007fffdbab9000 	D:\automation\asdf\eclipse-java-2020-12-R-win32-x86_64\eclipse\plugins\org.eclipse.justj.openjdk.hotspot.jre.full.win32.x86_64_15.0.1.v20201027-0507\jre\bin\net.dll
0x00007fffdc440000 - 0x00007fffdc548000 	C:\WINDOWS\SYSTEM32\WINHTTP.dll
0x00007fffe61b0000 - 0x00007fffe621a000 	C:\WINDOWS\system32\mswsock.dll
0x00007fffdba50000 - 0x00007fffdba62000 	D:\automation\asdf\eclipse-java-2020-12-R-win32-x86_64\eclipse\plugins\org.eclipse.justj.openjdk.hotspot.jre.full.win32.x86_64_15.0.1.v20201027-0507\jre\bin\nio.dll
0x00007fffe5ef0000 - 0x00007fffe5fbc000 	C:\WINDOWS\SYSTEM32\DNSAPI.dll
0x00007fffe5ea0000 - 0x00007fffe5edb000 	C:\WINDOWS\SYSTEM32\IPHLPAPI.DLL
0x00007fffe7c70000 - 0x00007fffe7c78000 	C:\WINDOWS\System32\NSI.dll
0x00007fffd95f0000 - 0x00007fffd95fa000 	C:\Windows\System32\rasadhlp.dll
0x00007fffd9610000 - 0x00007fffd968f000 	C:\WINDOWS\System32\fwpuclnt.dll
0x00007fffe7430000 - 0x00007fffe7457000 	C:\WINDOWS\System32\bcrypt.dll
0x00007fffe63a0000 - 0x00007fffe63b8000 	C:\WINDOWS\SYSTEM32\CRYPTSP.dll
0x00007fffe5b30000 - 0x00007fffe5b64000 	C:\WINDOWS\system32\rsaenh.dll
0x00007fffe6aa0000 - 0x00007fffe6ace000 	C:\WINDOWS\SYSTEM32\USERENV.dll
0x00007fffe63c0000 - 0x00007fffe63cc000 	C:\WINDOWS\SYSTEM32\CRYPTBASE.dll
0x00007fffdd630000 - 0x00007fffdd647000 	C:\WINDOWS\SYSTEM32\dhcpcsvc6.DLL
0x00007fffdd970000 - 0x00007fffdd98d000 	C:\WINDOWS\SYSTEM32\dhcpcsvc.DLL
0x00007fffdc280000 - 0x00007fffdc28d000 	D:\automation\asdf\eclipse-java-2020-12-R-win32-x86_64\eclipse\plugins\org.eclipse.justj.openjdk.hotspot.jre.full.win32.x86_64_15.0.1.v20201027-0507\jre\bin\sunmscapi.dll
0x00007fffe6be0000 - 0x00007fffe6d3f000 	C:\WINDOWS\System32\CRYPT32.dll
0x00007fffe6520000 - 0x00007fffe6547000 	C:\WINDOWS\SYSTEM32\ncrypt.dll
0x00007fffe64e0000 - 0x00007fffe651b000 	C:\WINDOWS\SYSTEM32\NTASN1.dll
0x00007fffc4ad0000 - 0x00007fffc4b1b000 	C:\Windows\System32\sqljdbc_auth.dll
0x00007fffe8a30000 - 0x00007fffe8b5a000 	C:\WINDOWS\System32\ole32.dll
0x00007fffd78c0000 - 0x00007fffd78cc000 	C:\WINDOWS\system32\secur32.dll
0x00007fffe6ad0000 - 0x00007fffe6b01000 	C:\WINDOWS\SYSTEM32\SSPICLI.DLL
0x00007fffe6280000 - 0x00007fffe6396000 	C:\WINDOWS\system32\kerberos.DLL
0x00007fffe6630000 - 0x00007fffe6642000 	C:\WINDOWS\SYSTEM32\MSASN1.dll
0x00007fffe6120000 - 0x00007fffe61a9000 	C:\WINDOWS\system32\msv1_0.DLL
0x00007fffe6100000 - 0x00007fffe6113000 	C:\WINDOWS\SYSTEM32\NtlmShared.dll
0x00007fffe6220000 - 0x00007fffe6235000 	C:\WINDOWS\SYSTEM32\cryptdll.dll
0x00007fffca350000 - 0x00007fffca37a000 	C:\WINDOWS\system32\ntdsapi.dll
0x00007fffd4d50000 - 0x00007fffd4d67000 	C:\WINDOWS\system32\napinsp.dll
0x00007fffd3720000 - 0x00007fffd373b000 	C:\WINDOWS\system32\pnrpnsp.dll
0x00007fffd3420000 - 0x00007fffd3435000 	C:\WINDOWS\system32\wshbth.dll
0x00007fffe24e0000 - 0x00007fffe24fd000 	C:\WINDOWS\system32\NLAapi.dll
0x00007fffd33a0000 - 0x00007fffd33b2000 	C:\WINDOWS\System32\winrnr.dll

dbghelp: loaded successfully - version: 4.0.5 - missing functions: none
symbol engine: initialized successfully - sym options: 0x614 - pdb path: .;D:\automation\asdf\eclipse-java-2020-12-R-win32-x86_64\eclipse\plugins\org.eclipse.justj.openjdk.hotspot.jre.full.win32.x86_64_15.0.1.v20201027-0507\jre\bin;C:\WINDOWS\SYSTEM32;C:\WINDOWS\WinSxS\amd64_microsoft.windows.common-controls_6595b64144ccf1df_6.0.19041.1110_none_60b5254171f9507e;D:\automation\asdf\eclipse-java-2020-12-R-win32-x86_64\eclipse\plugins\org.eclipse.justj.openjdk.hotspot.jre.full.win32.x86_64_15.0.1.v20201027-0507\jre\bin\server

VM Arguments:
jvm_args: -Dfile.encoding=Cp1252 -XX:+ShowCodeDetailsInExceptionMessages 
java_command: version_pack.ReadParameters
java_class_path (initial): D:\automation\eclipse-workspace\version\bin;D:\automation\asdf\selenium-java-3.141.59\libs\byte-buddy-1.8.15.jar;D:\automation\asdf\selenium-java-3.141.59\libs\commons-exec-1.3.jar;D:\automation\asdf\selenium-java-3.141.59\libs\guava-25.0-jre.jar;D:\automation\asdf\selenium-java-3.141.59\libs\okhttp-3.11.0.jar;D:\automation\asdf\selenium-java-3.141.59\libs\okio-1.14.0.jar;D:\automation\asdf\selenium-java-3.141.59\client-combined-3.141.59.jar;C:\Users\version\Downloads\hamcrest-core-1.3.jar;C:\Users\version\Downloads\junit-4.13.2.jar;D:\automation\asdf\eclipse-java-2020-12-R-win32-x86_64\eclipse\plugins\org.junit_4.13.0.v20200204-1500.jar;D:\automation\asdf\eclipse-java-2020-12-R-win32-x86_64\eclipse\plugins\org.hamcrest.core_1.3.0.v20180420-1519.jar;C:\Users\version\Downloads\joda-time-2.10.10.jar;C:\Users\version\Downloads\ashot-1.5.4.jar;C:\Users\version\Downloads\commons-io-2.8.0.jar;C:\Users\version\Downloads\sqljdbc4-3.0.jar\sqljdbc4-3.0.jar
Launcher Type: SUN_STANDARD

[Global flags]
     intx CICompilerCount                          = 2                                         {product} {ergonomic}
     uint ConcGCThreads                            = 1                                         {product} {ergonomic}
     uint G1ConcRefinementThreads                  = 2                                         {product} {ergonomic}
   size_t G1HeapRegionSize                         = 1048576                                   {product} {ergonomic}
    uintx GCDrainStackTargetSize                   = 64                                        {product} {ergonomic}
   size_t InitialHeapSize                          = 134217728                                 {product} {ergonomic}
   size_t MarkStackSize                            = 4194304                                   {product} {ergonomic}
   size_t MaxHeapSize                              = 2122317824                                {product} {ergonomic}
   size_t MaxNewSize                               = 1272971264                                {product} {ergonomic}
   size_t MinHeapDeltaBytes                        = 1048576                                   {product} {ergonomic}
   size_t MinHeapSize                              = 8388608                                   {product} {ergonomic}
    uintx NonNMethodCodeHeapSize                   = 5826188                                {pd product} {ergonomic}
    uintx NonProfiledCodeHeapSize                  = 122916026                              {pd product} {ergonomic}
    uintx ProfiledCodeHeapSize                     = 122916026                              {pd product} {ergonomic}
    uintx ReservedCodeCacheSize                    = 251658240                              {pd product} {ergonomic}
     bool SegmentedCodeCache                       = true                                      {product} {ergonomic}
     bool ShowCodeDetailsInExceptionMessages       = true                                   {manageable} {command line}
   size_t SoftMaxHeapSize                          = 2122317824                             {manageable} {ergonomic}
     bool UseCompressedClassPointers               = true                                 {lp64_product} {ergonomic}
     bool UseCompressedOops                        = true                                 {lp64_product} {ergonomic}
     bool UseG1GC                                  = true                                      {product} {ergonomic}
     bool UseLargePagesIndividualAllocation        = false                                  {pd product} {ergonomic}

Logging:
Log output configuration:
 #0: stdout all=warning uptime,level,tags
 #1: stderr all=off uptime,level,tags

Environment Variables:
JAVA_HOME=C:\Program Files\Java\jdk1.8.0_281\
PATH=D:/automation/asdf/eclipse-java-2020-12-R-win32-x86_64/eclipse//plugins/org.eclipse.justj.openjdk.hotspot.jre.full.win32.x86_64_15.0.1.v20201027-0507/jre/bin/server;D:/automation/asdf/eclipse-java-2020-12-R-win32-x86_64/eclipse//plugins/org.eclipse.justj.openjdk.hotspot.jre.full.win32.x86_64_15.0.1.v20201027-0507/jre/bin;C:\Program Files (x86)\Common Files\Oracle\Java\javapath;D:\OraHome_1;C:\app\version\product\11.2.0\client_1\bin;C:\WINDOWS\system32;C:\WINDOWS;C:\WINDOWS\System32\Wbem;C:\WINDOWS\System32\WindowsPowerShell\v1.0\;C:\Program Files\TortoiseSVN\bin;C:\WINDOWS\System32\OpenSSH\;C:\Program Files\Microsoft SQL Server\Client SDK\ODBC\170\Tools\Binn\;C:\Program Files\Java\jdk-15.0.2\bin\;D:\junit\\junit-4.13.2.jar;C:\Program Files\Microsoft SQL Server\Client SDK\ODBC\110\Tools\Binn\;C:\Program Files (x86)\Microsoft SQL Server\120\Tools\Binn\ManagementStudio\;C:\Program Files (x86)\Microsoft SQL Server\120\Tools\Binn\;C:\Program Files\Microsoft SQL Server\120\Tools\Binn\;C:\Program Files (x86)\Microsoft SQL Server\120\DTS\Binn\;D:\android-sdks\build-tools\;D:\android-sdks\platform-tools\;D:\android-sdks\tools\;D:\android-sdks\tools\bin;C:\Program Files\Java\jdk-15.0.2\bin;C:\Python39\;C:\Python39\Scripts\;C:\Program Files\dotnet\;C:\Program Files\Microsoft SQL Server\130\Tools\Binn\;C:\Python39\Scripts\;C:\Python39\;C:\Users\version\AppData\Local\Microsoft\WindowsApps;C:\Program Files\JetBrains\PyCharm Community Edition 2020.3.5\bin;;C:\Users\version\.dotnet\tools;D:\automation\asdf\eclipse-java-2020-12-R-win32-x86_64\eclipse;
USERNAME=version
OS=Windows_NT
PROCESSOR_IDENTIFIER=Intel64 Family 6 Model 60 Stepping 3, GenuineIntel



---------------  S Y S T E M  ---------------

OS:
 Windows 10 , 64 bit Build 19041 (10.0.19041.1151)
OS uptime: 2 days 0:23 hours

CPU: total 2 (initial active 2) (2 cores per cpu, 1 threads per core) family 6 model 60 stepping 3 microcode 0x28, cmov, cx8, fxsr, mmx, sse, sse2, sse3, ssse3, sse4.1, sse4.2, popcnt, clmul, erms, lzcnt, tsc, tscinvbit, clflush

Memory: 4k page, system-wide physical 8091M (1848M free)
TotalPageFile size 13139M (AvailPageFile size 4951M)
current process WorkingSet (physical memory assigned to process): 68M, peak: 68M
current process commit charge ("private bytes"): 212M, peak: 212M

vm_info: OpenJDK 64-Bit Server VM (15.0.1+9-18) for windows-amd64 JRE (15.0.1+9-18), built on Sep 15 2020 14:39:31 by "mach5one" with unknown MS VC++:1925

END.
